0:0:0:0:0:0:0:1 - - [21/Jan/2018:14:20:29 +0800] "GET /v1/user/addrs HTTP/1.1" 200 - "-" "Mozilla/5.0 (Windows NT 6.1; WOW64) AppleWebKit/537.36 (KHTML, like Gecko) Chrome/58.0.3029.110 Safari/537.36"
0:0:0:0:0:0:0:1 - - [21/Jan/2018:14:20:49 +0800] "GET /v1/user/addrs HTTP/1.1" 200 248 "-" "Mozilla/5.0 (Windows NT 6.1; WOW64) AppleWebKit/537.36 (KHTML, like Gecko) Chrome/58.0.3029.110 Safari/537.36"
0:0:0:0:0:0:0:1 - - [21/Jan/2018:14:20:57 +0800] "GET /v1/title/banner HTTP/1.1" 200 - "-" "Mozilla/5.0 (Windows NT 6.1; WOW64) AppleWebKit/537.36 (KHTML, like Gecko) Chrome/58.0.3029.110 Safari/537.36"
0:0:0:0:0:0:0:1 - - [21/Jan/2018:14:21:12 +0800] "GET /v1/title/banner HTTP/1.1" 200 213 "-" "Mozilla/5.0 (Windows NT 6.1; WOW64) AppleWebKit/537.36 (KHTML, like Gecko) Chrome/58.0.3029.110 Safari/537.36"
0:0:0:0:0:0:0:1 - - [21/Jan/2018:14:21:14 +0800] "GET /v1/title/banner HTTP/1.1" 200 213 "-" "Mozilla/5.0 (Windows NT 6.1; WOW64) AppleWebKit/537.36 (KHTML, like Gecko) Chrome/58.0.3029.110 Safari/537.36"
0:0:0:0:0:0:0:1 - - [21/Jan/2018:14:21:23 +0800] "GET /v1/title?pageNo=1&pageSize=10 HTTP/1.1" 200 272 "-" "Mozilla/5.0 (Windows NT 6.1; WOW64) AppleWebKit/537.36 (KHTML, like Gecko) Chrome/58.0.3029.110 Safari/537.36"
0:0:0:0:0:0:0:1 - - [21/Jan/2018:14:21:32 +0800] "GET /v1/title/2 HTTP/1.1" 200 230 "-" "Mozilla/5.0 (Windows NT 6.1; WOW64) AppleWebKit/537.36 (KHTML, like Gecko) Chrome/58.0.3029.110 Safari/537.36"
0:0:0:0:0:0:0:1 - - [21/Jan/2018:14:21:45 +0800] "GET /v1/title/comments/2?pageSize=10 HTTP/1.1" 200 220 "-" "Mozilla/5.0 (Windows NT 6.1; WOW64) AppleWebKit/537.36 (KHTML, like Gecko) Chrome/58.0.3029.110 Safari/537.36"
0:0:0:0:0:0:0:1 - - [21/Jan/2018:14:30:10 +0800] "GET /v1/serve HTTP/1.1" 200 225 "-" "Mozilla/5.0 (Windows NT 6.1; WOW64) AppleWebKit/537.36 (KHTML, like Gecko) Chrome/58.0.3029.110 Safari/537.36"
0:0:0:0:0:0:0:1 - - [21/Jan/2018:14:30:34 +0800] "GET /v1/serve HTTP/1.1" 200 224 "-" "Mozilla/5.0 (Windows NT 6.1; WOW64) AppleWebKit/537.36 (KHTML, like Gecko) Chrome/58.0.3029.110 Safari/537.36"
0:0:0:0:0:0:0:1 - - [21/Jan/2018:14:34:13 +0800] "GET /v1/serve/1 HTTP/1.1" 200 215 "-" "Mozilla/5.0 (Windows NT 6.1; WOW64) AppleWebKit/537.36 (KHTML, like Gecko) Chrome/58.0.3029.110 Safari/537.36"
0:0:0:0:0:0:0:1 - - [21/Jan/2018:14:35:00 +0800] "GET /v1/serve/1 HTTP/1.1" 200 218 "-" "Mozilla/5.0 (Windows NT 6.1; WOW64) AppleWebKit/537.36 (KHTML, like Gecko) Chrome/58.0.3029.110 Safari/537.36"
0:0:0:0:0:0:0:1 - - [21/Jan/2018:14:35:00 +0800] "GET /v1/serve/1 HTTP/1.1" 200 218 "-" "Mozilla/5.0 (Windows NT 6.1; WOW64) AppleWebKit/537.36 (KHTML, like Gecko) Chrome/58.0.3029.110 Safari/537.36"
0:0:0:0:0:0:0:1 - - [21/Jan/2018:14:35:02 +0800] "GET /v1/serve/1 HTTP/1.1" 200 219 "-" "Mozilla/5.0 (Windows NT 6.1; WOW64) AppleWebKit/537.36 (KHTML, like Gecko) Chrome/58.0.3029.110 Safari/537.36"
0:0:0:0:0:0:0:1 - - [21/Jan/2018:14:35:16 +0800] "GET /v1/serve/1 HTTP/1.1" 200 217 "-" "Mozilla/5.0 (Windows NT 6.1; WOW64) AppleWebKit/537.36 (KHTML, like Gecko) Chrome/58.0.3029.110 Safari/537.36"
0:0:0:0:0:0:0:1 - - [21/Jan/2018:14:35:18 +0800] "GET /v1/serve HTTP/1.1" 200 223 "-" "Mozilla/5.0 (Windows NT 6.1; WOW64) AppleWebKit/537.36 (KHTML, like Gecko) Chrome/58.0.3029.110 Safari/537.36"
0:0:0:0:0:0:0:1 - - [21/Jan/2018:14:59:02 +0800] "GET /v1/centre HTTP/1.1" 200 96 "-" "Mozilla/5.0 (Windows NT 6.1; WOW64) AppleWebKit/537.36 (KHTML, like Gecko) Chrome/58.0.3029.110 Safari/537.36"
0:0:0:0:0:0:0:1 - - [21/Jan/2018:14:59:27 +0800] "GET /v1/centre?province=%E5%8C%97%E4%BA%AC%E5%B8%82&city=%E5%8C%97%E4%BA%AC%E5%B8%82 HTTP/1.1" 200 96 "-" "Mozilla/5.0 (Windows NT 6.1; WOW64) AppleWebKit/537.36 (KHTML, like Gecko) Chrome/58.0.3029.110 Safari/537.36"
0:0:0:0:0:0:0:1 - - [21/Jan/2018:14:59:28 +0800] "GET /v1/centre?province=%E5%8C%97%E4%BA%AC%E5%B8%82&city=%E5%8C%97%E4%BA%AC%E5%B8%82 HTTP/1.1" 200 96 "-" "Mozilla/5.0 (Windows NT 6.1; WOW64) AppleWebKit/537.36 (KHTML, like Gecko) Chrome/58.0.3029.110 Safari/537.36"
0:0:0:0:0:0:0:1 - - [21/Jan/2018:14:59:29 +0800] "GET /v1/centre?province=%E5%8C%97%E4%BA%AC%E5%B8%82&city=%E5%8C%97%E4%BA%AC%E5%B8%82 HTTP/1.1" 200 96 "-" "Mozilla/5.0 (Windows NT 6.1; WOW64) AppleWebKit/537.36 (KHTML, like Gecko) Chrome/58.0.3029.110 Safari/537.36"
0:0:0:0:0:0:0:1 - - [21/Jan/2018:15:00:40 +0800] "GET /v1/centre?province=%E5%8C%97%E4%BA%AC%E5%B8%82&city=%E5%8C%97%E4%BA%AC%E5%B8%82 HTTP/1.1" 200 96 "-" "Mozilla/5.0 (Windows NT 6.1; WOW64) AppleWebKit/537.36 (KHTML, like Gecko) Chrome/58.0.3029.110 Safari/537.36"
0:0:0:0:0:0:0:1 - - [21/Jan/2018:15:02:29 +0800] "GET /v1/centre?province=%E5%8C%97%E4%BA%AC%E5%B8%82&city=%E5%8C%97%E4%BA%AC%E5%B8%82 HTTP/1.1" 200 96 "-" "Mozilla/5.0 (Windows NT 6.1; WOW64) AppleWebKit/537.36 (KHTML, like Gecko) Chrome/58.0.3029.110 Safari/537.36"
0:0:0:0:0:0:0:1 - - [21/Jan/2018:15:04:49 +0800] "GET /v1/centre?province=%E5%8C%97%E4%BA%AC%E5%B8%82&city=%E5%8C%97%E4%BA%AC%E5%B8%82 HTTP/1.1" 200 338 "-" "Mozilla/5.0 (Windows NT 6.1; WOW64) AppleWebKit/537.36 (KHTML, like Gecko) Chrome/58.0.3029.110 Safari/537.36"
0:0:0:0:0:0:0:1 - - [21/Jan/2018:16:56:19 +0800] "GET /v1/centre?province=%E5%8C%97%E4%BA%AC%E5%B8%82&city=%E5%8C%97%E4%BA%AC%E5%B8%82 HTTP/1.1" 409 35 "-" "Mozilla/5.0 (Windows NT 6.1; WOW64) AppleWebKit/537.36 (KHTML, like Gecko) Chrome/58.0.3029.110 Safari/537.36"
0:0:0:0:0:0:0:1 - - [21/Jan/2018:16:56:48 +0800] "GET /v1/centre?province=%E5%8C%97%E4%BA%AC%E5%B8%82&city=%E5%8C%97%E4%BA%AC%E5%B8%82&id=0 HTTP/1.1" 200 372 "-" "Mozilla/5.0 (Windows NT 6.1; WOW64) AppleWebKit/537.36 (KHTML, like Gecko) Chrome/58.0.3029.110 Safari/537.36"
0:0:0:0:0:0:0:1 - - [21/Jan/2018:16:56:54 +0800] "GET /v1/centre?province=%E5%8C%97%E4%BA%AC%E5%B8%82&city=%E5%8C%97%E4%BA%AC%E5%B8%82&id=1 HTTP/1.1" 500 - "-" "Mozilla/5.0 (Windows NT 6.1; WOW64) AppleWebKit/537.36 (KHTML, like Gecko) Chrome/58.0.3029.110 Safari/537.36"
0:0:0:0:0:0:0:1 - - [21/Jan/2018:16:59:57 +0800] "GET /v1/centre?province=%E5%8C%97%E4%BA%AC%E5%B8%82&city=%E5%8C%97%E4%BA%AC%E5%B8%82&id=0 HTTP/1.1" 200 373 "-" "Mozilla/5.0 (Windows NT 6.1; WOW64) AppleWebKit/537.36 (KHTML, like Gecko) Chrome/58.0.3029.110 Safari/537.36"
0:0:0:0:0:0:0:1 - - [21/Jan/2018:17:00:37 +0800] "GET /v1/centre?province=%E5%8C%97%E4%BA%AC%E5%B8%82&city=%E5%8C%97%E4%BA%AC%E5%B8%82&id=1 HTTP/1.1" 500 - "-" "Mozilla/5.0 (Windows NT 6.1; WOW64) AppleWebKit/537.36 (KHTML, like Gecko) Chrome/58.0.3029.110 Safari/537.36"
0:0:0:0:0:0:0:1 - - [21/Jan/2018:17:02:58 +0800] "GET /v1/centre?province=%E5%8C%97%E4%BA%AC%E5%B8%82&city=%E5%8C%97%E4%BA%AC%E5%B8%82&id=1 HTTP/1.1" 200 372 "-" "Mozilla/5.0 (Windows NT 6.1; WOW64) AppleWebKit/537.36 (KHTML, like Gecko) Chrome/58.0.3029.110 Safari/537.36"
0:0:0:0:0:0:0:1 - - [21/Jan/2018:17:04:06 +0800] "GET /v1/centre?province=%E5%8C%97%E4%BA%AC%E5%B8%82&city=%E5%8C%97%E4%BA%AC%E5%B8%82&id=1 HTTP/1.1" 200 363 "-" "Mozilla/5.0 (Windows NT 6.1; WOW64) AppleWebKit/537.36 (KHTML, like Gecko) Chrome/58.0.3029.110 Safari/537.36"
0:0:0:0:0:0:0:1 - - [21/Jan/2018:17:04:20 +0800] "GET /v1/centre?province=%E5%8C%97%E4%BA%AC%E5%B8%82&city=%E5%8C%97%E4%BA%AC%E5%B8%82&id=2 HTTP/1.1" 200 364 "-" "Mozilla/5.0 (Windows NT 6.1; WOW64) AppleWebKit/537.36 (KHTML, like Gecko) Chrome/58.0.3029.110 Safari/537.36"
0:0:0:0:0:0:0:1 - - [21/Jan/2018:17:06:16 +0800] "POST /v1/order/serve HTTP/1.1" 500 - "-" "Mozilla/5.0 (Windows NT 6.1; WOW64) AppleWebKit/537.36 (KHTML, like Gecko) Chrome/58.0.3029.110 Safari/537.36"
0:0:0:0:0:0:0:1 - - [21/Jan/2018:17:06:55 +0800] "POST /v1/order/serve HTTP/1.1" 200 92 "-" "Mozilla/5.0 (Windows NT 6.1; WOW64) AppleWebKit/537.36 (KHTML, like Gecko) Chrome/58.0.3029.110 Safari/537.36"
0:0:0:0:0:0:0:1 - - [21/Jan/2018:17:09:21 +0800] "POST /v1/order/serve HTTP/1.1" 200 94 "-" "Mozilla/5.0 (Windows NT 6.1; WOW64) AppleWebKit/537.36 (KHTML, like Gecko) Chrome/58.0.3029.110 Safari/537.36"
192.168.1.19 - - [21/Jan/2018:17:10:00 +0800] "GET /v1/title?pageNo=1&pageSize=10 HTTP/1.1" 200 - "http://localhost:8088/" "Mozilla/5.0 (iPhone; CPU iPhone OS 9_1 like Mac OS X) AppleWebKit/601.1.46 (KHTML, like Gecko) Version/9.0 Mobile/13B143 Safari/601.1"
192.168.1.19 - - [21/Jan/2018:17:10:03 +0800] "GET /v1/title?pageNo=1&pageSize=10 HTTP/1.1" 200 - "http://localhost:8088/" "Mozilla/5.0 (iPhone; CPU iPhone OS 9_1 like Mac OS X) AppleWebKit/601.1.46 (KHTML, like Gecko) Version/9.0 Mobile/13B143 Safari/601.1"
192.168.1.19 - - [21/Jan/2018:17:10:03 +0800] "GET /v1/title/banner HTTP/1.1" 200 - "http://localhost:8088/" "Mozilla/5.0 (iPhone; CPU iPhone OS 9_1 like Mac OS X) AppleWebKit/601.1.46 (KHTML, like Gecko) Version/9.0 Mobile/13B143 Safari/601.1"
192.168.1.19 - - [21/Jan/2018:17:10:03 +0800] "GET /v1/title/banner HTTP/1.1" 200 - "http://localhost:8088/" "Mozilla/5.0 (iPhone; CPU iPhone OS 9_1 like Mac OS X) AppleWebKit/601.1.46 (KHTML, like Gecko) Version/9.0 Mobile/13B143 Safari/601.1"
0:0:0:0:0:0:0:1 - - [21/Jan/2018:17:10:05 +0800] "GET /v1/order/serve/2 HTTP/1.1" 200 434 "-" "Mozilla/5.0 (Windows NT 6.1; WOW64) AppleWebKit/537.36 (KHTML, like Gecko) Chrome/58.0.3029.110 Safari/537.36"
192.168.1.19 - - [21/Jan/2018:17:10:11 +0800] "GET /v1/title/banner HTTP/1.1" 200 - "http://localhost:8088/" "Mozilla/5.0 (iPhone; CPU iPhone OS 9_1 like Mac OS X) AppleWebKit/601.1.46 (KHTML, like Gecko) Version/9.0 Mobile/13B143 Safari/601.1"
192.168.1.19 - - [21/Jan/2018:17:10:11 +0800] "GET /v1/title?pageNo=1&pageSize=10 HTTP/1.1" 200 - "http://localhost:8088/" "Mozilla/5.0 (iPhone; CPU iPhone OS 9_1 like Mac OS X) AppleWebKit/601.1.46 (KHTML, like Gecko) Version/9.0 Mobile/13B143 Safari/601.1"
192.168.1.19 - - [21/Jan/2018:17:10:19 +0800] "GET /v1/title/banner HTTP/1.1" 200 - "http://localhost:8088/" "Mozilla/5.0 (iPhone; CPU iPhone OS 9_1 like Mac OS X) AppleWebKit/601.1.46 (KHTML, like Gecko) Version/9.0 Mobile/13B143 Safari/601.1"
192.168.1.19 - - [21/Jan/2018:17:10:19 +0800] "GET /v1/title?pageNo=1&pageSize=10 HTTP/1.1" 200 - "http://localhost:8088/" "Mozilla/5.0 (iPhone; CPU iPhone OS 9_1 like Mac OS X) AppleWebKit/601.1.46 (KHTML, like Gecko) Version/9.0 Mobile/13B143 Safari/601.1"
0:0:0:0:0:0:0:1 - - [21/Jan/2018:17:10:21 +0800] "GET /v1/order/serve/2 HTTP/1.1" 200 434 "-" "Mozilla/5.0 (Windows NT 6.1; WOW64) AppleWebKit/537.36 (KHTML, like Gecko) Chrome/58.0.3029.110 Safari/537.36"
192.168.1.19 - - [21/Jan/2018:17:10:21 +0800] "GET /v1/title/banner HTTP/1.1" 200 - "http://localhost:8088/" "Mozilla/5.0 (iPhone; CPU iPhone OS 9_1 like Mac OS X) AppleWebKit/601.1.46 (KHTML, like Gecko) Version/9.0 Mobile/13B143 Safari/601.1"
192.168.1.19 - - [21/Jan/2018:17:10:21 +0800] "GET /v1/title?pageNo=1&pageSize=10 HTTP/1.1" 200 - "http://localhost:8088/" "Mozilla/5.0 (iPhone; CPU iPhone OS 9_1 like Mac OS X) AppleWebKit/601.1.46 (KHTML, like Gecko) Version/9.0 Mobile/13B143 Safari/601.1"
0:0:0:0:0:0:0:1 - - [21/Jan/2018:17:11:27 +0800] "GET /v1/title/banner HTTP/1.1" 200 213 "-" "Mozilla/5.0 (Windows NT 6.1; WOW64) AppleWebKit/537.36 (KHTML, like Gecko) Chrome/58.0.3029.110 Safari/537.36"
0:0:0:0:0:0:0:1 - - [21/Jan/2018:17:11:28 +0800] "GET /v1/title/banner HTTP/1.1" 200 213 "-" "Mozilla/5.0 (Windows NT 6.1; WOW64) AppleWebKit/537.36 (KHTML, like Gecko) Chrome/58.0.3029.110 Safari/537.36"
0:0:0:0:0:0:0:1 - - [21/Jan/2018:17:11:29 +0800] "GET /v1/title/banner HTTP/1.1" 200 213 "-" "Mozilla/5.0 (Windows NT 6.1; WOW64) AppleWebKit/537.36 (KHTML, like Gecko) Chrome/58.0.3029.110 Safari/537.36"
0:0:0:0:0:0:0:1 - - [21/Jan/2018:17:11:29 +0800] "GET /v1/title/banner HTTP/1.1" 200 213 "-" "Mozilla/5.0 (Windows NT 6.1; WOW64) AppleWebKit/537.36 (KHTML, like Gecko) Chrome/58.0.3029.110 Safari/537.36"
0:0:0:0:0:0:0:1 - - [21/Jan/2018:17:11:29 +0800] "GET /v1/title/banner HTTP/1.1" 200 213 "-" "Mozilla/5.0 (Windows NT 6.1; WOW64) AppleWebKit/537.36 (KHTML, like Gecko) Chrome/58.0.3029.110 Safari/537.36"
0:0:0:0:0:0:0:1 - - [21/Jan/2018:17:11:30 +0800] "GET /v1/title/banner HTTP/1.1" 200 213 "-" "Mozilla/5.0 (Windows NT 6.1; WOW64) AppleWebKit/537.36 (KHTML, like Gecko) Chrome/58.0.3029.110 Safari/537.36"
0:0:0:0:0:0:0:1 - - [21/Jan/2018:17:11:30 +0800] "GET /v1/title/banner HTTP/1.1" 200 213 "-" "Mozilla/5.0 (Windows NT 6.1; WOW64) AppleWebKit/537.36 (KHTML, like Gecko) Chrome/58.0.3029.110 Safari/537.36"
0:0:0:0:0:0:0:1 - - [21/Jan/2018:17:11:30 +0800] "GET /v1/title/banner HTTP/1.1" 200 213 "-" "Mozilla/5.0 (Windows NT 6.1; WOW64) AppleWebKit/537.36 (KHTML, like Gecko) Chrome/58.0.3029.110 Safari/537.36"
0:0:0:0:0:0:0:1 - - [21/Jan/2018:17:11:30 +0800] "GET /v1/title/banner HTTP/1.1" 200 213 "-" "Mozilla/5.0 (Windows NT 6.1; WOW64) AppleWebKit/537.36 (KHTML, like Gecko) Chrome/58.0.3029.110 Safari/537.36"
0:0:0:0:0:0:0:1 - - [21/Jan/2018:17:11:30 +0800] "GET /v1/title/banner HTTP/1.1" 200 213 "-" "Mozilla/5.0 (Windows NT 6.1; WOW64) AppleWebKit/537.36 (KHTML, like Gecko) Chrome/58.0.3029.110 Safari/537.36"
192.168.1.19 - - [21/Jan/2018:17:12:03 +0800] "GET /v1/title/banner HTTP/1.1" 200 - "http://localhost:8088/" "Mozilla/5.0 (iPhone; CPU iPhone OS 9_1 like Mac OS X) AppleWebKit/601.1.46 (KHTML, like Gecko) Version/9.0 Mobile/13B143 Safari/601.1"
192.168.1.19 - - [21/Jan/2018:17:12:03 +0800] "GET /v1/title?pageNo=1&pageSize=10 HTTP/1.1" 200 - "http://localhost:8088/" "Mozilla/5.0 (iPhone; CPU iPhone OS 9_1 like Mac OS X) AppleWebKit/601.1.46 (KHTML, like Gecko) Version/9.0 Mobile/13B143 Safari/601.1"
192.168.1.19 - - [21/Jan/2018:17:12:05 +0800] "GET /v1/title/banner HTTP/1.1" 200 - "http://localhost:8088/" "Mozilla/5.0 (iPhone; CPU iPhone OS 9_1 like Mac OS X) AppleWebKit/601.1.46 (KHTML, like Gecko) Version/9.0 Mobile/13B143 Safari/601.1"
192.168.1.19 - - [21/Jan/2018:17:12:05 +0800] "GET /v1/title?pageNo=1&pageSize=10 HTTP/1.1" 200 - "http://localhost:8088/" "Mozilla/5.0 (iPhone; CPU iPhone OS 9_1 like Mac OS X) AppleWebKit/601.1.46 (KHTML, like Gecko) Version/9.0 Mobile/13B143 Safari/601.1"
0:0:0:0:0:0:0:1 - - [21/Jan/2018:17:12:05 +0800] "GET /v1/title?pageNo=1&pageSize=10 HTTP/1.1" 200 273 "-" "Mozilla/5.0 (Windows NT 6.1; WOW64) AppleWebKit/537.36 (KHTML, like Gecko) Chrome/58.0.3029.110 Safari/537.36"
0:0:0:0:0:0:0:1 - - [21/Jan/2018:17:12:06 +0800] "GET /v1/title?pageNo=1&pageSize=10 HTTP/1.1" 200 272 "-" "Mozilla/5.0 (Windows NT 6.1; WOW64) AppleWebKit/537.36 (KHTML, like Gecko) Chrome/58.0.3029.110 Safari/537.36"
0:0:0:0:0:0:0:1 - - [21/Jan/2018:17:12:06 +0800] "GET /v1/title?pageNo=1&pageSize=10 HTTP/1.1" 200 273 "-" "Mozilla/5.0 (Windows NT 6.1; WOW64) AppleWebKit/537.36 (KHTML, like Gecko) Chrome/58.0.3029.110 Safari/537.36"
0:0:0:0:0:0:0:1 - - [21/Jan/2018:17:12:09 +0800] "GET /v1/title/2 HTTP/1.1" 200 230 "-" "Mozilla/5.0 (Windows NT 6.1; WOW64) AppleWebKit/537.36 (KHTML, like Gecko) Chrome/58.0.3029.110 Safari/537.36"
192.168.1.19 - - [21/Jan/2018:17:13:12 +0800] "GET /v1/title/banner HTTP/1.1" 200 - "http://localhost:8088/" "Mozilla/5.0 (iPhone; CPU iPhone OS 9_1 like Mac OS X) AppleWebKit/601.1.46 (KHTML, like Gecko) Version/9.0 Mobile/13B143 Safari/601.1"
192.168.1.19 - - [21/Jan/2018:17:13:12 +0800] "GET /v1/title?pageNo=1&pageSize=10 HTTP/1.1" 200 - "http://localhost:8088/" "Mozilla/5.0 (iPhone; CPU iPhone OS 9_1 like Mac OS X) AppleWebKit/601.1.46 (KHTML, like Gecko) Version/9.0 Mobile/13B143 Safari/601.1"
192.168.1.19 - - [21/Jan/2018:17:13:32 +0800] "GET /v1/title?pageNo=1&pageSize=10 HTTP/1.1" 200 - "-" "Mozilla/5.0 (Windows NT 6.1; WOW64) AppleWebKit/537.36 (KHTML, like Gecko) Chrome/63.0.3239.132 Safari/537.36"
0:0:0:0:0:0:0:1 - - [21/Jan/2018:17:13:51 +0800] "GET /v1/centre?province=%E5%8C%97%E4%BA%AC%E5%B8%82&city=%E5%8C%97%E4%BA%AC%E5%B8%82 HTTP/1.1" 409 35 "-" "Mozilla/5.0 (Windows NT 6.1; WOW64) AppleWebKit/537.36 (KHTML, like Gecko) Chrome/58.0.3029.110 Safari/537.36"
192.168.1.19 - - [21/Jan/2018:17:14:02 +0800] "GET /v1/title?pageNo=1&pageSize=10 HTTP/1.1" 200 - "-" "Mozilla/5.0 (Windows NT 6.1; WOW64) AppleWebKit/537.36 (KHTML, like Gecko) Chrome/63.0.3239.132 Safari/537.36"
192.168.1.19 - - [21/Jan/2018:17:14:02 +0800] "GET /favicon.ico HTTP/1.1" 200 946 "http://192.168.1.34:9000/v1/title?pageNo=1&pageSize=10" "Mozilla/5.0 (Windows NT 6.1; WOW64) AppleWebKit/537.36 (KHTML, like Gecko) Chrome/63.0.3239.132 Safari/537.36"
0:0:0:0:0:0:0:1 - - [21/Jan/2018:17:14:16 +0800] "GET /v1/centre?province=%E5%8C%97%E4%BA%AC%E5%B8%82&city=%E5%8C%97%E4%BA%AC%E5%B8%82 HTTP/1.1" 409 35 "-" "Mozilla/5.0 (Windows NT 6.1; WOW64) AppleWebKit/537.36 (KHTML, like Gecko) Chrome/58.0.3029.110 Safari/537.36"
0:0:0:0:0:0:0:1 - - [21/Jan/2018:17:14:16 +0800] "GET /v1/centre?province=%E5%8C%97%E4%BA%AC%E5%B8%82&city=%E5%8C%97%E4%BA%AC%E5%B8%82 HTTP/1.1" 409 35 "-" "Mozilla/5.0 (Windows NT 6.1; WOW64) AppleWebKit/537.36 (KHTML, like Gecko) Chrome/58.0.3029.110 Safari/537.36"
0:0:0:0:0:0:0:1 - - [21/Jan/2018:17:14:16 +0800] "GET /v1/centre?province=%E5%8C%97%E4%BA%AC%E5%B8%82&city=%E5%8C%97%E4%BA%AC%E5%B8%82 HTTP/1.1" 409 35 "-" "Mozilla/5.0 (Windows NT 6.1; WOW64) AppleWebKit/537.36 (KHTML, like Gecko) Chrome/58.0.3029.110 Safari/537.36"
0:0:0:0:0:0:0:1 - - [21/Jan/2018:17:14:17 +0800] "GET /v1/centre?province=%E5%8C%97%E4%BA%AC%E5%B8%82&city=%E5%8C%97%E4%BA%AC%E5%B8%82 HTTP/1.1" 409 35 "-" "Mozilla/5.0 (Windows NT 6.1; WOW64) AppleWebKit/537.36 (KHTML, like Gecko) Chrome/58.0.3029.110 Safari/537.36"
0:0:0:0:0:0:0:1 - - [21/Jan/2018:17:14:17 +0800] "GET /v1/centre?province=%E5%8C%97%E4%BA%AC%E5%B8%82&city=%E5%8C%97%E4%BA%AC%E5%B8%82 HTTP/1.1" 409 35 "-" "Mozilla/5.0 (Windows NT 6.1; WOW64) AppleWebKit/537.36 (KHTML, like Gecko) Chrome/58.0.3029.110 Safari/537.36"
0:0:0:0:0:0:0:1 - - [21/Jan/2018:17:14:17 +0800] "GET /v1/centre?province=%E5%8C%97%E4%BA%AC%E5%B8%82&city=%E5%8C%97%E4%BA%AC%E5%B8%82 HTTP/1.1" 409 35 "-" "Mozilla/5.0 (Windows NT 6.1; WOW64) AppleWebKit/537.36 (KHTML, like Gecko) Chrome/58.0.3029.110 Safari/537.36"
0:0:0:0:0:0:0:1 - - [21/Jan/2018:17:14:17 +0800] "GET /v1/centre?province=%E5%8C%97%E4%BA%AC%E5%B8%82&city=%E5%8C%97%E4%BA%AC%E5%B8%82 HTTP/1.1" 409 35 "-" "Mozilla/5.0 (Windows NT 6.1; WOW64) AppleWebKit/537.36 (KHTML, like Gecko) Chrome/58.0.3029.110 Safari/537.36"
0:0:0:0:0:0:0:1 - - [21/Jan/2018:17:14:17 +0800] "GET /v1/centre?province=%E5%8C%97%E4%BA%AC%E5%B8%82&city=%E5%8C%97%E4%BA%AC%E5%B8%82 HTTP/1.1" 409 35 "-" "Mozilla/5.0 (Windows NT 6.1; WOW64) AppleWebKit/537.36 (KHTML, like Gecko) Chrome/58.0.3029.110 Safari/537.36"
0:0:0:0:0:0:0:1 - - [21/Jan/2018:17:14:18 +0800] "GET /v1/centre?province=%E5%8C%97%E4%BA%AC%E5%B8%82&city=%E5%8C%97%E4%BA%AC%E5%B8%82 HTTP/1.1" 409 35 "-" "Mozilla/5.0 (Windows NT 6.1; WOW64) AppleWebKit/537.36 (KHTML, like Gecko) Chrome/58.0.3029.110 Safari/537.36"
0:0:0:0:0:0:0:1 - - [21/Jan/2018:17:14:18 +0800] "GET /v1/centre?province=%E5%8C%97%E4%BA%AC%E5%B8%82&city=%E5%8C%97%E4%BA%AC%E5%B8%82 HTTP/1.1" 409 35 "-" "Mozilla/5.0 (Windows NT 6.1; WOW64) AppleWebKit/537.36 (KHTML, like Gecko) Chrome/58.0.3029.110 Safari/537.36"
0:0:0:0:0:0:0:1 - - [21/Jan/2018:17:14:18 +0800] "GET /v1/centre?province=%E5%8C%97%E4%BA%AC%E5%B8%82&city=%E5%8C%97%E4%BA%AC%E5%B8%82 HTTP/1.1" 409 35 "-" "Mozilla/5.0 (Windows NT 6.1; WOW64) AppleWebKit/537.36 (KHTML, like Gecko) Chrome/58.0.3029.110 Safari/537.36"
0:0:0:0:0:0:0:1 - - [21/Jan/2018:17:14:18 +0800] "GET /v1/centre?province=%E5%8C%97%E4%BA%AC%E5%B8%82&city=%E5%8C%97%E4%BA%AC%E5%B8%82 HTTP/1.1" 409 35 "-" "Mozilla/5.0 (Windows NT 6.1; WOW64) AppleWebKit/537.36 (KHTML, like Gecko) Chrome/58.0.3029.110 Safari/537.36"
0:0:0:0:0:0:0:1 - - [21/Jan/2018:17:14:18 +0800] "GET /v1/centre?province=%E5%8C%97%E4%BA%AC%E5%B8%82&city=%E5%8C%97%E4%BA%AC%E5%B8%82 HTTP/1.1" 409 35 "-" "Mozilla/5.0 (Windows NT 6.1; WOW64) AppleWebKit/537.36 (KHTML, like Gecko) Chrome/58.0.3029.110 Safari/537.36"
0:0:0:0:0:0:0:1 - - [21/Jan/2018:17:14:19 +0800] "GET /v1/centre?province=%E5%8C%97%E4%BA%AC%E5%B8%82&city=%E5%8C%97%E4%BA%AC%E5%B8%82 HTTP/1.1" 409 35 "-" "Mozilla/5.0 (Windows NT 6.1; WOW64) AppleWebKit/537.36 (KHTML, like Gecko) Chrome/58.0.3029.110 Safari/537.36"
0:0:0:0:0:0:0:1 - - [21/Jan/2018:17:14:19 +0800] "GET /v1/centre?province=%E5%8C%97%E4%BA%AC%E5%B8%82&city=%E5%8C%97%E4%BA%AC%E5%B8%82 HTTP/1.1" 409 35 "-" "Mozilla/5.0 (Windows NT 6.1; WOW64) AppleWebKit/537.36 (KHTML, like Gecko) Chrome/58.0.3029.110 Safari/537.36"
0:0:0:0:0:0:0:1 - - [21/Jan/2018:17:14:19 +0800] "GET /v1/centre?province=%E5%8C%97%E4%BA%AC%E5%B8%82&city=%E5%8C%97%E4%BA%AC%E5%B8%82 HTTP/1.1" 409 35 "-" "Mozilla/5.0 (Windows NT 6.1; WOW64) AppleWebKit/537.36 (KHTML, like Gecko) Chrome/58.0.3029.110 Safari/537.36"
0:0:0:0:0:0:0:1 - - [21/Jan/2018:17:14:19 +0800] "GET /v1/centre?province=%E5%8C%97%E4%BA%AC%E5%B8%82&city=%E5%8C%97%E4%BA%AC%E5%B8%82 HTTP/1.1" 409 35 "-" "Mozilla/5.0 (Windows NT 6.1; WOW64) AppleWebKit/537.36 (KHTML, like Gecko) Chrome/58.0.3029.110 Safari/537.36"
0:0:0:0:0:0:0:1 - - [21/Jan/2018:17:14:21 +0800] "GET /v1/centre?province=%E5%8C%97%E4%BA%AC%E5%B8%82&city=%E5%8C%97%E4%BA%AC%E5%B8%82 HTTP/1.1" 409 35 "-" "Mozilla/5.0 (Windows NT 6.1; WOW64) AppleWebKit/537.36 (KHTML, like Gecko) Chrome/58.0.3029.110 Safari/537.36"
0:0:0:0:0:0:0:1 - - [21/Jan/2018:17:14:22 +0800] "GET /v1/centre?province=%E5%8C%97%E4%BA%AC%E5%B8%82&city=%E5%8C%97%E4%BA%AC%E5%B8%82 HTTP/1.1" 409 35 "-" "Mozilla/5.0 (Windows NT 6.1; WOW64) AppleWebKit/537.36 (KHTML, like Gecko) Chrome/58.0.3029.110 Safari/537.36"
0:0:0:0:0:0:0:1 - - [21/Jan/2018:17:14:22 +0800] "GET /v1/centre?province=%E5%8C%97%E4%BA%AC%E5%B8%82&city=%E5%8C%97%E4%BA%AC%E5%B8%82 HTTP/1.1" 409 35 "-" "Mozilla/5.0 (Windows NT 6.1; WOW64) AppleWebKit/537.36 (KHTML, like Gecko) Chrome/58.0.3029.110 Safari/537.36"
0:0:0:0:0:0:0:1 - - [21/Jan/2018:17:14:32 +0800] "GET /v1/centre?province=%E5%8C%97%E4%BA%AC%E5%B8%82&city=%E5%8C%97%E4%BA%AC%E5%B8%82&id=0 HTTP/1.1" 200 372 "-" "Mozilla/5.0 (Windows NT 6.1; WOW64) AppleWebKit/537.36 (KHTML, like Gecko) Chrome/58.0.3029.110 Safari/537.36"
192.168.1.19 - - [21/Jan/2018:17:14:39 +0800] "GET /v1/title?pageNo=1&pageSize=10 HTTP/1.1" 200 - "-" "Mozilla/5.0 (Windows NT 6.1; WOW64) AppleWebKit/537.36 (KHTML, like Gecko) Chrome/63.0.3239.132 Safari/537.36"
192.168.1.19 - - [21/Jan/2018:17:14:49 +0800] "GET /v1/title?pageNo=1&pageSize=10 HTTP/1.1" 200 - "-" "Mozilla/5.0 (Windows NT 6.1; WOW64) AppleWebKit/537.36 (KHTML, like Gecko) Chrome/63.0.3239.132 Safari/537.36"
192.168.1.19 - - [21/Jan/2018:17:14:55 +0800] "GET /v1/title?pageNo=1&pageSize=10 HTTP/1.1" 200 - "-" "Mozilla/5.0 (Windows NT 6.1; WOW64) AppleWebKit/537.36 (KHTML, like Gecko) Chrome/63.0.3239.132 Safari/537.36"
192.168.1.19 - - [21/Jan/2018:17:14:56 +0800] "GET /v1/title?pageNo=1&pageSize=10 HTTP/1.1" 200 - "-" "Mozilla/5.0 (Windows NT 6.1; WOW64) AppleWebKit/537.36 (KHTML, like Gecko) Chrome/63.0.3239.132 Safari/537.36"
192.168.1.19 - - [21/Jan/2018:17:14:57 +0800] "GET /v1/title?pageNo=1&pageSize=10 HTTP/1.1" 200 - "-" "Mozilla/5.0 (Windows NT 6.1; WOW64) AppleWebKit/537.36 (KHTML, like Gecko) Chrome/63.0.3239.132 Safari/537.36"
192.168.1.19 - - [21/Jan/2018:17:15:07 +0800] "GET /v1/title?pageNo=1&pageSize=10 HTTP/1.1" 200 - "-" "Mozilla/5.0 (iPhone; CPU iPhone OS 9_1 like Mac OS X) AppleWebKit/601.1.46 (KHTML, like Gecko) Version/9.0 Mobile/13B143 Safari/601.1"
0:0:0:0:0:0:0:1 - - [21/Jan/2018:17:45:04 +0800] "POST /v1/order/serve HTTP/1.1" 200 94 "-" "Mozilla/5.0 (Windows NT 6.1; WOW64) AppleWebKit/537.36 (KHTML, like Gecko) Chrome/58.0.3029.110 Safari/537.36"
0:0:0:0:0:0:0:1 - - [21/Jan/2018:17:46:27 +0800] "GET /v1/order/serves HTTP/1.1" 500 - "-" "Mozilla/5.0 (Windows NT 6.1; WOW64) AppleWebKit/537.36 (KHTML, like Gecko) Chrome/58.0.3029.110 Safari/537.36"
0:0:0:0:0:0:0:1 - - [21/Jan/2018:17:46:57 +0800] "GET /v1/order/serves HTTP/1.1" 500 - "-" "Mozilla/5.0 (Windows NT 6.1; WOW64) AppleWebKit/537.36 (KHTML, like Gecko) Chrome/58.0.3029.110 Safari/537.36"
0:0:0:0:0:0:0:1 - - [21/Jan/2018:17:47:34 +0800] "GET /v1/order/serves HTTP/1.1" 200 98 "-" "Mozilla/5.0 (Windows NT 6.1; WOW64) AppleWebKit/537.36 (KHTML, like Gecko) Chrome/58.0.3029.110 Safari/537.36"
0:0:0:0:0:0:0:1 - - [21/Jan/2018:17:47:35 +0800] "GET /v1/order/serves HTTP/1.1" 200 98 "-" "Mozilla/5.0 (Windows NT 6.1; WOW64) AppleWebKit/537.36 (KHTML, like Gecko) Chrome/58.0.3029.110 Safari/537.36"
0:0:0:0:0:0:0:1 - - [21/Jan/2018:17:47:44 +0800] "GET /v1/order/serves?type=PRE HTTP/1.1" 200 98 "-" "Mozilla/5.0 (Windows NT 6.1; WOW64) AppleWebKit/537.36 (KHTML, like Gecko) Chrome/58.0.3029.110 Safari/537.36"
0:0:0:0:0:0:0:1 - - [21/Jan/2018:17:47:50 +0800] "GET /v1/order/serves?type=AFT HTTP/1.1" 200 445 "-" "Mozilla/5.0 (Windows NT 6.1; WOW64) AppleWebKit/537.36 (KHTML, like Gecko) Chrome/58.0.3029.110 Safari/537.36"
0:0:0:0:0:0:0:1 - - [21/Jan/2018:17:47:57 +0800] "POST /v1/order/serve HTTP/1.1" 200 94 "-" "Mozilla/5.0 (Windows NT 6.1; WOW64) AppleWebKit/537.36 (KHTML, like Gecko) Chrome/58.0.3029.110 Safari/537.36"
0:0:0:0:0:0:0:1 - - [21/Jan/2018:17:47:58 +0800] "POST /v1/order/serve HTTP/1.1" 200 94 "-" "Mozilla/5.0 (Windows NT 6.1; WOW64) AppleWebKit/537.36 (KHTML, like Gecko) Chrome/58.0.3029.110 Safari/537.36"
0:0:0:0:0:0:0:1 - - [21/Jan/2018:17:48:20 +0800] "GET /v1/order/serves?type=AFT HTTP/1.1" 200 491 "-" "Mozilla/5.0 (Windows NT 6.1; WOW64) AppleWebKit/537.36 (KHTML, like Gecko) Chrome/58.0.3029.110 Safari/537.36"
192.168.1.19 - - [21/Jan/2018:17:48:22 +0800] "GET /v1/title?pageNo=1&pageSize=10 HTTP/1.1" 200 - "http://localhost:8088/" "Mozilla/5.0 (iPhone; CPU iPhone OS 9_1 like Mac OS X) AppleWebKit/601.1.46 (KHTML, like Gecko) Version/9.0 Mobile/13B143 Safari/601.1"
192.168.1.19 - - [21/Jan/2018:17:48:25 +0800] "GET /v1/title?pageNo=1&pageSize=10 HTTP/1.1" 200 - "http://localhost:8088/" "Mozilla/5.0 (iPhone; CPU iPhone OS 9_1 like Mac OS X) AppleWebKit/601.1.46 (KHTML, like Gecko) Version/9.0 Mobile/13B143 Safari/601.1"
192.168.1.19 - - [21/Jan/2018:17:48:25 +0800] "GET /v1/title/banner HTTP/1.1" 200 - "http://localhost:8088/" "Mozilla/5.0 (iPhone; CPU iPhone OS 9_1 like Mac OS X) AppleWebKit/601.1.46 (KHTML, like Gecko) Version/9.0 Mobile/13B143 Safari/601.1"
192.168.1.19 - - [21/Jan/2018:17:48:25 +0800] "GET /v1/title/banner HTTP/1.1" 200 - "http://localhost:8088/" "Mozilla/5.0 (iPhone; CPU iPhone OS 9_1 like Mac OS X) AppleWebKit/601.1.46 (KHTML, like Gecko) Version/9.0 Mobile/13B143 Safari/601.1"
0:0:0:0:0:0:0:1 - - [21/Jan/2018:17:49:55 +0800] "GET /v1/order/serves?type=AFT HTTP/1.1" 200 98 "-" "Mozilla/5.0 (Windows NT 6.1; WOW64) AppleWebKit/537.36 (KHTML, like Gecko) Chrome/58.0.3029.110 Safari/537.36"
0:0:0:0:0:0:0:1 - - [21/Jan/2018:17:49:56 +0800] "GET /v1/order/serves?type=AFT HTTP/1.1" 200 98 "-" "Mozilla/5.0 (Windows NT 6.1; WOW64) AppleWebKit/537.36 (KHTML, like Gecko) Chrome/58.0.3029.110 Safari/537.36"
0:0:0:0:0:0:0:1 - - [21/Jan/2018:17:50:16 +0800] "GET /v1/order/serves?type=pre HTTP/1.1" 200 493 "-" "Mozilla/5.0 (Windows NT 6.1; WOW64) AppleWebKit/537.36 (KHTML, like Gecko) Chrome/58.0.3029.110 Safari/537.36"
0:0:0:0:0:0:0:1 - - [21/Jan/2018:17:50:19 +0800] "GET /v1/order/serves?type=AFT HTTP/1.1" 200 98 "-" "Mozilla/5.0 (Windows NT 6.1; WOW64) AppleWebKit/537.36 (KHTML, like Gecko) Chrome/58.0.3029.110 Safari/537.36"
0:0:0:0:0:0:0:1 - - [21/Jan/2018:17:50:39 +0800] "GET /v1/order/serves?type=AFT HTTP/1.1" 200 484 "-" "Mozilla/5.0 (Windows NT 6.1; WOW64) AppleWebKit/537.36 (KHTML, like Gecko) Chrome/58.0.3029.110 Safari/537.36"
0:0:0:0:0:0:0:1 - - [21/Jan/2018:17:50:57 +0800] "GET /v1/order/serves?type=pre HTTP/1.1" 200 444 "-" "Mozilla/5.0 (Windows NT 6.1; WOW64) AppleWebKit/537.36 (KHTML, like Gecko) Chrome/58.0.3029.110 Safari/537.36"
0:0:0:0:0:0:0:1 - - [21/Jan/2018:17:53:46 +0800] "PUT /v1/user/addr HTTP/1.1" 200 98 "-" "Mozilla/5.0 (Windows NT 6.1; WOW64) AppleWebKit/537.36 (KHTML, like Gecko) Chrome/58.0.3029.110 Safari/537.36"
0:0:0:0:0:0:0:1 - - [21/Jan/2018:17:53:56 +0800] "GET /v1/user/addrs HTTP/1.1" 200 258 "-" "Mozilla/5.0 (Windows NT 6.1; WOW64) AppleWebKit/537.36 (KHTML, like Gecko) Chrome/58.0.3029.110 Safari/537.36"
0:0:0:0:0:0:0:1 - - [21/Jan/2018:17:54:10 +0800] "PUT /v1/title/comment HTTP/1.1" 200 98 "-" "Mozilla/5.0 (Windows NT 6.1; WOW64) AppleWebKit/537.36 (KHTML, like Gecko) Chrome/58.0.3029.110 Safari/537.36"
0:0:0:0:0:0:0:1 - - [21/Jan/2018:17:54:28 +0800] "PUT /v1/order/serve HTTP/1.1" 200 94 "-" "Mozilla/5.0 (Windows NT 6.1; WOW64) AppleWebKit/537.36 (KHTML, like Gecko) Chrome/58.0.3029.110 Safari/537.36"
0:0:0:0:0:0:0:1 - - [21/Jan/2018:18:07:26 +0800] "PUT /v1/user/addr HTTP/1.1" 200 94 "-" "Mozilla/5.0 (Windows NT 6.1; WOW64) AppleWebKit/537.36 (KHTML, like Gecko) Chrome/58.0.3029.110 Safari/537.36"
0:0:0:0:0:0:0:1 - - [21/Jan/2018:18:07:57 +0800] "PUT /v1/order/serve HTTP/1.1" 200 94 "-" "Mozilla/5.0 (Windows NT 6.1; WOW64) AppleWebKit/537.36 (KHTML, like Gecko) Chrome/58.0.3029.110 Safari/537.36"
0:0:0:0:0:0:0:1 - - [21/Jan/2018:18:10:24 +0800] "PUT /v1/title/comment HTTP/1.1" 200 94 "-" "Mozilla/5.0 (Windows NT 6.1; WOW64) AppleWebKit/537.36 (KHTML, like Gecko) Chrome/58.0.3029.110 Safari/537.36"
0:0:0:0:0:0:0:1 - - [21/Jan/2018:18:10:25 +0800] "PUT /v1/title/comment HTTP/1.1" 200 94 "-" "Mozilla/5.0 (Windows NT 6.1; WOW64) AppleWebKit/537.36 (KHTML, like Gecko) Chrome/58.0.3029.110 Safari/537.36"
0:0:0:0:0:0:0:1 - - [21/Jan/2018:18:12:21 +0800] "PUT /v1/title/comment HTTP/1.1" 200 95 "-" "Mozilla/5.0 (Windows NT 6.1; WOW64) AppleWebKit/537.36 (KHTML, like Gecko) Chrome/58.0.3029.110 Safari/537.36"
0:0:0:0:0:0:0:1 - - [21/Jan/2018:18:12:45 +0800] "PUT /v1/title/comment HTTP/1.1" 200 95 "-" "Mozilla/5.0 (Windows NT 6.1; WOW64) AppleWebKit/537.36 (KHTML, like Gecko) Chrome/58.0.3029.110 Safari/537.36"
0:0:0:0:0:0:0:1 - - [21/Jan/2018:18:14:48 +0800] "PUT /v1/user/addr HTTP/1.1" 200 95 "-" "Mozilla/5.0 (Windows NT 6.1; WOW64) AppleWebKit/537.36 (KHTML, like Gecko) Chrome/58.0.3029.110 Safari/537.36"
0:0:0:0:0:0:0:1 - - [21/Jan/2018:18:15:25 +0800] "POST /v1/user/addr HTTP/1.1" 200 98 "-" "Mozilla/5.0 (Windows NT 6.1; WOW64) AppleWebKit/537.36 (KHTML, like Gecko) Chrome/58.0.3029.110 Safari/537.36"
0:0:0:0:0:0:0:1 - - [21/Jan/2018:18:23:05 +0800] "GET /v1/user/addrs HTTP/1.1" 200 286 "-" "Mozilla/5.0 (Windows NT 6.1; WOW64) AppleWebKit/537.36 (KHTML, like Gecko) Chrome/58.0.3029.110 Safari/537.36"
0:0:0:0:0:0:0:1 - - [21/Jan/2018:18:23:15 +0800] "DELETE /v1/user/addr/7 HTTP/1.1" 200 98 "-" "Mozilla/5.0 (Windows NT 6.1; WOW64) AppleWebKit/537.36 (KHTML, like Gecko) Chrome/58.0.3029.110 Safari/537.36"
0:0:0:0:0:0:0:1 - - [21/Jan/2018:18:47:53 +0800] "GET /v1/user/titles HTTP/1.1" 200 237 "-" "Mozilla/5.0 (Windows NT 6.1; WOW64) AppleWebKit/537.36 (KHTML, like Gecko) Chrome/58.0.3029.110 Safari/537.36"
0:0:0:0:0:0:0:1 - - [21/Jan/2018:18:48:11 +0800] "GET /v1/user/titles HTTP/1.1" 200 237 "-" "Mozilla/5.0 (Windows NT 6.1; WOW64) AppleWebKit/537.36 (KHTML, like Gecko) Chrome/58.0.3029.110 Safari/537.36"
0:0:0:0:0:0:0:1 - - [21/Jan/2018:18:48:52 +0800] "PUT /v1/title/comment HTTP/1.1" 200 95 "-" "Mozilla/5.0 (Windows NT 6.1; WOW64) AppleWebKit/537.36 (KHTML, like Gecko) Chrome/58.0.3029.110 Safari/537.36"
0:0:0:0:0:0:0:1 - - [21/Jan/2018:18:48:56 +0800] "GET /v1/user/titles HTTP/1.1" 200 267 "-" "Mozilla/5.0 (Windows NT 6.1; WOW64) AppleWebKit/537.36 (KHTML, like Gecko) Chrome/58.0.3029.110 Safari/537.36"
0:0:0:0:0:0:0:1 - - [21/Jan/2018:20:00:02 +0800] "GET /v1/title?pageNo=1&pageSize=10 HTTP/1.1" 200 303 "http://localhost:8088/home" "Mozilla/5.0 (iPhone; CPU iPhone OS 9_1 like Mac OS X) AppleWebKit/601.1.46 (KHTML, like Gecko) Version/9.0 Mobile/13B143 Safari/601.1"
0:0:0:0:0:0:0:1 - - [21/Jan/2018:20:00:02 +0800] "GET /v1/title/banner HTTP/1.1" 200 240 "http://localhost:8088/home" "Mozilla/5.0 (iPhone; CPU iPhone OS 9_1 like Mac OS X) AppleWebKit/601.1.46 (KHTML, like Gecko) Version/9.0 Mobile/13B143 Safari/601.1"
0:0:0:0:0:0:0:1 - - [21/Jan/2018:20:00:06 +0800] "GET /v1/title?pageNo=1&pageSize=10 HTTP/1.1" 200 303 "http://localhost:8088/home" "Mozilla/5.0 (iPhone; CPU iPhone OS 9_1 like Mac OS X) AppleWebKit/601.1.46 (KHTML, like Gecko) Version/9.0 Mobile/13B143 Safari/601.1"
0:0:0:0:0:0:0:1 - - [21/Jan/2018:20:00:06 +0800] "GET /v1/title/banner HTTP/1.1" 200 240 "http://localhost:8088/home" "Mozilla/5.0 (iPhone; CPU iPhone OS 9_1 like Mac OS X) AppleWebKit/601.1.46 (KHTML, like Gecko) Version/9.0 Mobile/13B143 Safari/601.1"
0:0:0:0:0:0:0:1 - - [21/Jan/2018:20:00:39 +0800] "GET /v1/title/banner HTTP/1.1" 200 240 "http://localhost:8088/home" "Mozilla/5.0 (iPhone; CPU iPhone OS 9_1 like Mac OS X) AppleWebKit/601.1.46 (KHTML, like Gecko) Version/9.0 Mobile/13B143 Safari/601.1"
0:0:0:0:0:0:0:1 - - [21/Jan/2018:20:00:39 +0800] "GET /v1/title?pageNo=1&pageSize=10 HTTP/1.1" 200 303 "http://localhost:8088/home" "Mozilla/5.0 (iPhone; CPU iPhone OS 9_1 like Mac OS X) AppleWebKit/601.1.46 (KHTML, like Gecko) Version/9.0 Mobile/13B143 Safari/601.1"
0:0:0:0:0:0:0:1 - - [21/Jan/2018:20:00:56 +0800] "GET /v1/title/banner HTTP/1.1" 200 240 "http://localhost:8088/home" "Mozilla/5.0 (iPhone; CPU iPhone OS 9_1 like Mac OS X) AppleWebKit/601.1.46 (KHTML, like Gecko) Version/9.0 Mobile/13B143 Safari/601.1"
0:0:0:0:0:0:0:1 - - [21/Jan/2018:20:00:56 +0800] "GET /v1/title?pageNo=1&pageSize=10 HTTP/1.1" 200 303 "http://localhost:8088/home" "Mozilla/5.0 (iPhone; CPU iPhone OS 9_1 like Mac OS X) AppleWebKit/601.1.46 (KHTML, like Gecko) Version/9.0 Mobile/13B143 Safari/601.1"
0:0:0:0:0:0:0:1 - - [21/Jan/2018:20:01:14 +0800] "GET /v1/title/banner HTTP/1.1" 200 241 "http://localhost:8088/home" "Mozilla/5.0 (iPhone; CPU iPhone OS 9_1 like Mac OS X) AppleWebKit/601.1.46 (KHTML, like Gecko) Version/9.0 Mobile/13B143 Safari/601.1"
0:0:0:0:0:0:0:1 - - [21/Jan/2018:20:01:14 +0800] "GET /v1/title?pageNo=1&pageSize=10 HTTP/1.1" 200 303 "http://localhost:8088/home" "Mozilla/5.0 (iPhone; CPU iPhone OS 9_1 like Mac OS X) AppleWebKit/601.1.46 (KHTML, like Gecko) Version/9.0 Mobile/13B143 Safari/601.1"
0:0:0:0:0:0:0:1 - - [21/Jan/2018:20:02:33 +0800] "GET /v1/serve/1 HTTP/1.1" 200 220 "-" "Mozilla/5.0 (Windows NT 6.1; WOW64) AppleWebKit/537.36 (KHTML, like Gecko) Chrome/58.0.3029.110 Safari/537.36"
0:0:0:0:0:0:0:1 - - [21/Jan/2018:20:03:13 +0800] "GET /v1/order/serve/2 HTTP/1.1" 200 98 "-" "Mozilla/5.0 (Windows NT 6.1; WOW64) AppleWebKit/537.36 (KHTML, like Gecko) Chrome/58.0.3029.110 Safari/537.36"
0:0:0:0:0:0:0:1 - - [21/Jan/2018:20:04:15 +0800] "GET /v1/title?pageNo=1&pageSize=10 HTTP/1.1" 200 303 "http://localhost:8088/home" "Mozilla/5.0 (iPhone; CPU iPhone OS 9_1 like Mac OS X) AppleWebKit/601.1.46 (KHTML, like Gecko) Version/9.0 Mobile/13B143 Safari/601.1"
0:0:0:0:0:0:0:1 - - [21/Jan/2018:20:04:15 +0800] "GET /v1/title/banner HTTP/1.1" 200 241 "http://localhost:8088/home" "Mozilla/5.0 (iPhone; CPU iPhone OS 9_1 like Mac OS X) AppleWebKit/601.1.46 (KHTML, like Gecko) Version/9.0 Mobile/13B143 Safari/601.1"
0:0:0:0:0:0:0:1 - - [21/Jan/2018:20:17:24 +0800] "GET /v1/centre?province=%E5%8C%97%E4%BA%AC%E5%B8%82&city=%E5%8C%97%E4%BA%AC%E5%B8%82&id=0 HTTP/1.1" 404 112 "-" "Mozilla/5.0 (Windows NT 6.1; WOW64) AppleWebKit/537.36 (KHTML, like Gecko) Chrome/58.0.3029.110 Safari/537.36"
0:0:0:0:0:0:0:1 - - [21/Jan/2018:20:17:34 +0800] "GET /v1/center?province=%E5%8C%97%E4%BA%AC%E5%B8%82&city=%E5%8C%97%E4%BA%AC%E5%B8%82&id=0 HTTP/1.1" 200 371 "-" "Mozilla/5.0 (Windows NT 6.1; WOW64) AppleWebKit/537.36 (KHTML, like Gecko) Chrome/58.0.3029.110 Safari/537.36"
0:0:0:0:0:0:0:1 - - [21/Jan/2018:20:18:21 +0800] "GET /v1/order/serves?type=pre HTTP/1.1" 200 496 "-" "Mozilla/5.0 (Windows NT 6.1; WOW64) AppleWebKit/537.36 (KHTML, like Gecko) Chrome/58.0.3029.110 Safari/537.36"
0:0:0:0:0:0:0:1 - - [21/Jan/2018:20:18:53 +0800] "GET /v1/order/serves?type=pre HTTP/1.1" 200 634 "-" "Mozilla/5.0 (Windows NT 6.1; WOW64) AppleWebKit/537.36 (KHTML, like Gecko) Chrome/58.0.3029.110 Safari/537.36"
0:0:0:0:0:0:0:1 - - [21/Jan/2018:20:19:04 +0800] "GET /v1/order/serves?type=AFT HTTP/1.1" 200 620 "-" "Mozilla/5.0 (Windows NT 6.1; WOW64) AppleWebKit/537.36 (KHTML, like Gecko) Chrome/58.0.3029.110 Safari/537.36"
0:0:0:0:0:0:0:1 - - [21/Jan/2018:20:54:27 +0800] "GET /v1/goods/1 HTTP/1.1" 500 - "-" "Mozilla/5.0 (Windows NT 6.1; WOW64) AppleWebKit/537.36 (KHTML, like Gecko) Chrome/58.0.3029.110 Safari/537.36"
0:0:0:0:0:0:0:1 - - [21/Jan/2018:20:55:06 +0800] "GET /v1/goods/1 HTTP/1.1" 200 296 "-" "Mozilla/5.0 (Windows NT 6.1; WOW64) AppleWebKit/537.36 (KHTML, like Gecko) Chrome/58.0.3029.110 Safari/537.36"
0:0:0:0:0:0:0:1 - - [21/Jan/2018:21:40:33 +0800] "PUT /v1/order/goods HTTP/1.1" 500 - "-" "Mozilla/5.0 (Windows NT 6.1; WOW64) AppleWebKit/537.36 (KHTML, like Gecko) Chrome/58.0.3029.110 Safari/537.36"
0:0:0:0:0:0:0:1 - - [21/Jan/2018:21:40:58 +0800] "PUT /v1/order/goods HTTP/1.1" 200 75 "-" "Mozilla/5.0 (Windows NT 6.1; WOW64) AppleWebKit/537.36 (KHTML, like Gecko) Chrome/58.0.3029.110 Safari/537.36"
0:0:0:0:0:0:0:1 - - [21/Jan/2018:22:03:01 +0800] "GET /v1/order/goods/8 HTTP/1.1" 200 1305 "-" "Mozilla/5.0 (Windows NT 6.1; WOW64) AppleWebKit/537.36 (KHTML, like Gecko) Chrome/58.0.3029.110 Safari/537.36"
0:0:0:0:0:0:0:1 - - [21/Jan/2018:22:03:51 +0800] "GET /v1/order/goods/8 HTTP/1.1" 500 - "-" "Mozilla/5.0 (Windows NT 6.1; WOW64) AppleWebKit/537.36 (KHTML, like Gecko) Chrome/58.0.3029.110 Safari/537.36"
0:0:0:0:0:0:0:1 - - [21/Jan/2018:22:04:08 +0800] "GET /v1/order/goods/8 HTTP/1.1" 200 1311 "-" "Mozilla/5.0 (Windows NT 6.1; WOW64) AppleWebKit/537.36 (KHTML, like Gecko) Chrome/58.0.3029.110 Safari/537.36"
