0:0:0:0:0:0:0:1 - - [22/Jan/2018:08:53:29 +0800] "GET /v1/user HTTP/1.1" 200 201 "-" "Mozilla/5.0 (Windows NT 6.1; WOW64) AppleWebKit/537.36 (KHTML, like Gecko) Chrome/58.0.3029.110 Safari/537.36"
0:0:0:0:0:0:0:1 - - [22/Jan/2018:08:54:33 +0800] "GET /v1/serve HTTP/1.1" 200 472 "-" "Mozilla/5.0 (Windows NT 6.1; WOW64) AppleWebKit/537.36 (KHTML, like Gecko) Chrome/58.0.3029.110 Safari/537.36"
0:0:0:0:0:0:0:1 - - [22/Jan/2018:09:48:17 +0800] "GET /v1/serve HTTP/1.1" 200 1275 "http://localhost:8088/home" "Mozilla/5.0 (iPhone; CPU iPhone OS 9_1 like Mac OS X) AppleWebKit/601.1.46 (KHTML, like Gecko) Version/9.0 Mobile/13B143 Safari/601.1"
0:0:0:0:0:0:0:1 - - [22/Jan/2018:09:48:37 +0800] "GET /v1/serve HTTP/1.1" 200 1275 "http://localhost:8088/home" "Mozilla/5.0 (iPhone; CPU iPhone OS 9_1 like Mac OS X) AppleWebKit/601.1.46 (KHTML, like Gecko) Version/9.0 Mobile/13B143 Safari/601.1"
0:0:0:0:0:0:0:1 - - [22/Jan/2018:09:49:30 +0800] "GET /v1/serve HTTP/1.1" 200 1275 "http://localhost:8088/home" "Mozilla/5.0 (iPhone; CPU iPhone OS 9_1 like Mac OS X) AppleWebKit/601.1.46 (KHTML, like Gecko) Version/9.0 Mobile/13B143 Safari/601.1"
0:0:0:0:0:0:0:1 - - [22/Jan/2018:09:50:34 +0800] "GET /v1/serve HTTP/1.1" 200 1275 "http://localhost:8088/home" "Mozilla/5.0 (iPhone; CPU iPhone OS 9_1 like Mac OS X) AppleWebKit/601.1.46 (KHTML, like Gecko) Version/9.0 Mobile/13B143 Safari/601.1"
0:0:0:0:0:0:0:1 - - [22/Jan/2018:09:50:51 +0800] "GET /v1/serve HTTP/1.1" 200 1275 "http://localhost:8088/home" "Mozilla/5.0 (iPhone; CPU iPhone OS 9_1 like Mac OS X) AppleWebKit/601.1.46 (KHTML, like Gecko) Version/9.0 Mobile/13B143 Safari/601.1"
0:0:0:0:0:0:0:1 - - [22/Jan/2018:09:55:02 +0800] "GET /v1/serve HTTP/1.1" 200 1275 "http://localhost:8088/home" "Mozilla/5.0 (iPhone; CPU iPhone OS 9_1 like Mac OS X) AppleWebKit/601.1.46 (KHTML, like Gecko) Version/9.0 Mobile/13B143 Safari/601.1"
0:0:0:0:0:0:0:1 - - [22/Jan/2018:09:56:52 +0800] "GET /v1/serve HTTP/1.1" 200 1275 "http://localhost:8088/home" "Mozilla/5.0 (iPhone; CPU iPhone OS 9_1 like Mac OS X) AppleWebKit/601.1.46 (KHTML, like Gecko) Version/9.0 Mobile/13B143 Safari/601.1"
0:0:0:0:0:0:0:1 - - [22/Jan/2018:09:57:03 +0800] "GET /v1/serve HTTP/1.1" 200 1275 "http://localhost:8088/home" "Mozilla/5.0 (iPhone; CPU iPhone OS 9_1 like Mac OS X) AppleWebKit/601.1.46 (KHTML, like Gecko) Version/9.0 Mobile/13B143 Safari/601.1"
0:0:0:0:0:0:0:1 - - [22/Jan/2018:09:57:30 +0800] "GET /v1/serve HTTP/1.1" 200 1275 "http://localhost:8088/home" "Mozilla/5.0 (iPhone; CPU iPhone OS 9_1 like Mac OS X) AppleWebKit/601.1.46 (KHTML, like Gecko) Version/9.0 Mobile/13B143 Safari/601.1"
0:0:0:0:0:0:0:1 - - [22/Jan/2018:10:09:41 +0800] "GET /v1/serve HTTP/1.1" 200 1275 "http://localhost:8088/home" "Mozilla/5.0 (iPhone; CPU iPhone OS 9_1 like Mac OS X) AppleWebKit/601.1.46 (KHTML, like Gecko) Version/9.0 Mobile/13B143 Safari/601.1"
0:0:0:0:0:0:0:1 - - [22/Jan/2018:10:14:35 +0800] "GET /v1/serve HTTP/1.1" 200 1275 "http://localhost:8088/home" "Mozilla/5.0 (iPhone; CPU iPhone OS 9_1 like Mac OS X) AppleWebKit/601.1.46 (KHTML, like Gecko) Version/9.0 Mobile/13B143 Safari/601.1"
0:0:0:0:0:0:0:1 - - [22/Jan/2018:10:15:46 +0800] "GET /v1/serve HTTP/1.1" 200 1275 "http://localhost:8088/home" "Mozilla/5.0 (iPhone; CPU iPhone OS 9_1 like Mac OS X) AppleWebKit/601.1.46 (KHTML, like Gecko) Version/9.0 Mobile/13B143 Safari/601.1"
0:0:0:0:0:0:0:1 - - [22/Jan/2018:10:18:09 +0800] "GET /v1/serve HTTP/1.1" 200 1275 "http://localhost:8088/home" "Mozilla/5.0 (iPhone; CPU iPhone OS 9_1 like Mac OS X) AppleWebKit/601.1.46 (KHTML, like Gecko) Version/9.0 Mobile/13B143 Safari/601.1"
0:0:0:0:0:0:0:1 - - [22/Jan/2018:10:18:14 +0800] "GET /v1/serve HTTP/1.1" 200 1275 "http://localhost:8088/home" "Mozilla/5.0 (iPhone; CPU iPhone OS 9_1 like Mac OS X) AppleWebKit/601.1.46 (KHTML, like Gecko) Version/9.0 Mobile/13B143 Safari/601.1"
0:0:0:0:0:0:0:1 - - [22/Jan/2018:10:19:23 +0800] "GET /v1/serve HTTP/1.1" 200 1275 "http://localhost:8088/home" "Mozilla/5.0 (iPhone; CPU iPhone OS 9_1 like Mac OS X) AppleWebKit/601.1.46 (KHTML, like Gecko) Version/9.0 Mobile/13B143 Safari/601.1"
0:0:0:0:0:0:0:1 - - [22/Jan/2018:10:19:27 +0800] "GET /v1/serve HTTP/1.1" 200 1275 "http://localhost:8088/home" "Mozilla/5.0 (iPhone; CPU iPhone OS 9_1 like Mac OS X) AppleWebKit/601.1.46 (KHTML, like Gecko) Version/9.0 Mobile/13B143 Safari/601.1"
0:0:0:0:0:0:0:1 - - [22/Jan/2018:10:19:45 +0800] "GET /v1/serve HTTP/1.1" 200 1275 "http://localhost:8088/home" "Mozilla/5.0 (iPhone; CPU iPhone OS 9_1 like Mac OS X) AppleWebKit/601.1.46 (KHTML, like Gecko) Version/9.0 Mobile/13B143 Safari/601.1"
0:0:0:0:0:0:0:1 - - [22/Jan/2018:10:20:47 +0800] "GET /v1/serve HTTP/1.1" 200 1275 "http://localhost:8088/home" "Mozilla/5.0 (iPhone; CPU iPhone OS 9_1 like Mac OS X) AppleWebKit/601.1.46 (KHTML, like Gecko) Version/9.0 Mobile/13B143 Safari/601.1"
0:0:0:0:0:0:0:1 - - [22/Jan/2018:10:21:33 +0800] "GET /v1/serve HTTP/1.1" 200 1275 "http://localhost:8088/home" "Mozilla/5.0 (iPhone; CPU iPhone OS 9_1 like Mac OS X) AppleWebKit/601.1.46 (KHTML, like Gecko) Version/9.0 Mobile/13B143 Safari/601.1"
0:0:0:0:0:0:0:1 - - [22/Jan/2018:10:23:03 +0800] "GET /v1/serve/1 HTTP/1.1" 200 521 "-" "Mozilla/5.0 (Windows NT 6.1; WOW64) AppleWebKit/537.36 (KHTML, like Gecko) Chrome/58.0.3029.110 Safari/537.36"
0:0:0:0:0:0:0:1 - - [22/Jan/2018:10:32:07 +0800] "GET /v1/serve HTTP/1.1" 200 1275 "http://localhost:8088/home" "Mozilla/5.0 (iPhone; CPU iPhone OS 9_1 like Mac OS X) AppleWebKit/601.1.46 (KHTML, like Gecko) Version/9.0 Mobile/13B143 Safari/601.1"
0:0:0:0:0:0:0:1 - - [22/Jan/2018:10:32:13 +0800] "GET /v1/serve HTTP/1.1" 200 1275 "http://localhost:8088/home" "Mozilla/5.0 (iPhone; CPU iPhone OS 9_1 like Mac OS X) AppleWebKit/601.1.46 (KHTML, like Gecko) Version/9.0 Mobile/13B143 Safari/601.1"
0:0:0:0:0:0:0:1 - - [22/Jan/2018:10:36:12 +0800] "GET /v1/serve HTTP/1.1" 200 1275 "http://localhost:8088/home" "Mozilla/5.0 (iPhone; CPU iPhone OS 9_1 like Mac OS X) AppleWebKit/601.1.46 (KHTML, like Gecko) Version/9.0 Mobile/13B143 Safari/601.1"
0:0:0:0:0:0:0:1 - - [22/Jan/2018:10:36:16 +0800] "GET /v1/serve/1 HTTP/1.1" 200 521 "http://localhost:8088/home" "Mozilla/5.0 (iPhone; CPU iPhone OS 9_1 like Mac OS X) AppleWebKit/601.1.46 (KHTML, like Gecko) Version/9.0 Mobile/13B143 Safari/601.1"
0:0:0:0:0:0:0:1 - - [22/Jan/2018:10:37:05 +0800] "GET /v1/serve HTTP/1.1" 200 1275 "http://localhost:8088/home" "Mozilla/5.0 (iPhone; CPU iPhone OS 9_1 like Mac OS X) AppleWebKit/601.1.46 (KHTML, like Gecko) Version/9.0 Mobile/13B143 Safari/601.1"
0:0:0:0:0:0:0:1 - - [22/Jan/2018:10:37:17 +0800] "GET /v1/serve/1 HTTP/1.1" 200 521 "http://localhost:8088/home" "Mozilla/5.0 (iPhone; CPU iPhone OS 9_1 like Mac OS X) AppleWebKit/601.1.46 (KHTML, like Gecko) Version/9.0 Mobile/13B143 Safari/601.1"
0:0:0:0:0:0:0:1 - - [22/Jan/2018:10:40:10 +0800] "GET /v1/serve HTTP/1.1" 200 1275 "http://localhost:8088/home" "Mozilla/5.0 (iPhone; CPU iPhone OS 9_1 like Mac OS X) AppleWebKit/601.1.46 (KHTML, like Gecko) Version/9.0 Mobile/13B143 Safari/601.1"
0:0:0:0:0:0:0:1 - - [22/Jan/2018:10:40:10 +0800] "GET /v1/serve/1 HTTP/1.1" 200 521 "http://localhost:8088/home" "Mozilla/5.0 (iPhone; CPU iPhone OS 9_1 like Mac OS X) AppleWebKit/601.1.46 (KHTML, like Gecko) Version/9.0 Mobile/13B143 Safari/601.1"
0:0:0:0:0:0:0:1 - - [22/Jan/2018:10:40:33 +0800] "GET /v1/serve/1 HTTP/1.1" 200 521 "http://localhost:8088/home" "Mozilla/5.0 (iPhone; CPU iPhone OS 9_1 like Mac OS X) AppleWebKit/601.1.46 (KHTML, like Gecko) Version/9.0 Mobile/13B143 Safari/601.1"
0:0:0:0:0:0:0:1 - - [22/Jan/2018:10:43:31 +0800] "GET /v1/serve/1 HTTP/1.1" 200 521 "http://localhost:8088/home" "Mozilla/5.0 (iPhone; CPU iPhone OS 9_1 like Mac OS X) AppleWebKit/601.1.46 (KHTML, like Gecko) Version/9.0 Mobile/13B143 Safari/601.1"
0:0:0:0:0:0:0:1 - - [22/Jan/2018:10:43:58 +0800] "GET /v1/serve/1 HTTP/1.1" 200 521 "-" "Mozilla/5.0 (Windows NT 6.1; WOW64) AppleWebKit/537.36 (KHTML, like Gecko) Chrome/58.0.3029.110 Safari/537.36"
0:0:0:0:0:0:0:1 - - [22/Jan/2018:10:58:26 +0800] "GET /v1/serve/1 HTTP/1.1" 200 1039 "-" "Mozilla/5.0 (Windows NT 6.1; WOW64) AppleWebKit/537.36 (KHTML, like Gecko) Chrome/58.0.3029.110 Safari/537.36"
0:0:0:0:0:0:0:1 - - [22/Jan/2018:10:58:35 +0800] "GET /v1/serve HTTP/1.1" 200 1291 "-" "Mozilla/5.0 (Windows NT 6.1; WOW64) AppleWebKit/537.36 (KHTML, like Gecko) Chrome/58.0.3029.110 Safari/537.36"
0:0:0:0:0:0:0:1 - - [22/Jan/2018:10:59:04 +0800] "GET /v1/serve HTTP/1.1" 200 1291 "http://localhost:8088/home" "Mozilla/5.0 (iPhone; CPU iPhone OS 9_1 like Mac OS X) AppleWebKit/601.1.46 (KHTML, like Gecko) Version/9.0 Mobile/13B143 Safari/601.1"
0:0:0:0:0:0:0:1 - - [22/Jan/2018:10:59:07 +0800] "GET /v1/serve HTTP/1.1" 200 1291 "http://localhost:8088/home" "Mozilla/5.0 (iPhone; CPU iPhone OS 9_1 like Mac OS X) AppleWebKit/601.1.46 (KHTML, like Gecko) Version/9.0 Mobile/13B143 Safari/601.1"
0:0:0:0:0:0:0:1 - - [22/Jan/2018:10:59:51 +0800] "GET /v1/serve HTTP/1.1" 200 1291 "http://localhost:8088/home" "Mozilla/5.0 (iPhone; CPU iPhone OS 9_1 like Mac OS X) AppleWebKit/601.1.46 (KHTML, like Gecko) Version/9.0 Mobile/13B143 Safari/601.1"
0:0:0:0:0:0:0:1 - - [22/Jan/2018:10:59:54 +0800] "GET /v1/serve/1 HTTP/1.1" 200 1039 "http://localhost:8088/home" "Mozilla/5.0 (iPhone; CPU iPhone OS 9_1 like Mac OS X) AppleWebKit/601.1.46 (KHTML, like Gecko) Version/9.0 Mobile/13B143 Safari/601.1"
0:0:0:0:0:0:0:1 - - [22/Jan/2018:11:03:32 +0800] "GET /v1/serve/1 HTTP/1.1" 200 1039 "http://localhost:8088/home" "Mozilla/5.0 (iPhone; CPU iPhone OS 9_1 like Mac OS X) AppleWebKit/601.1.46 (KHTML, like Gecko) Version/9.0 Mobile/13B143 Safari/601.1"
0:0:0:0:0:0:0:1 - - [22/Jan/2018:11:03:32 +0800] "GET /v1/serve HTTP/1.1" 200 1291 "http://localhost:8088/home" "Mozilla/5.0 (iPhone; CPU iPhone OS 9_1 like Mac OS X) AppleWebKit/601.1.46 (KHTML, like Gecko) Version/9.0 Mobile/13B143 Safari/601.1"
0:0:0:0:0:0:0:1 - - [22/Jan/2018:11:04:38 +0800] "GET /v1/serve HTTP/1.1" 200 1291 "http://localhost:8088/home" "Mozilla/5.0 (iPhone; CPU iPhone OS 9_1 like Mac OS X) AppleWebKit/601.1.46 (KHTML, like Gecko) Version/9.0 Mobile/13B143 Safari/601.1"
0:0:0:0:0:0:0:1 - - [22/Jan/2018:11:04:38 +0800] "GET /v1/serve/1 HTTP/1.1" 200 1070 "http://localhost:8088/home" "Mozilla/5.0 (iPhone; CPU iPhone OS 9_1 like Mac OS X) AppleWebKit/601.1.46 (KHTML, like Gecko) Version/9.0 Mobile/13B143 Safari/601.1"
0:0:0:0:0:0:0:1 - - [22/Jan/2018:11:11:09 +0800] "GET /v1/serve/1 HTTP/1.1" 200 1070 "http://localhost:8088/home" "Mozilla/5.0 (iPhone; CPU iPhone OS 9_1 like Mac OS X) AppleWebKit/601.1.46 (KHTML, like Gecko) Version/9.0 Mobile/13B143 Safari/601.1"
0:0:0:0:0:0:0:1 - - [22/Jan/2018:11:12:23 +0800] "GET /v1/serve/1 HTTP/1.1" 200 1070 "http://localhost:8088/home" "Mozilla/5.0 (iPhone; CPU iPhone OS 9_1 like Mac OS X) AppleWebKit/601.1.46 (KHTML, like Gecko) Version/9.0 Mobile/13B143 Safari/601.1"
0:0:0:0:0:0:0:1 - - [22/Jan/2018:11:12:38 +0800] "GET /v1/serve/1 HTTP/1.1" 200 1070 "http://localhost:8088/home" "Mozilla/5.0 (iPhone; CPU iPhone OS 9_1 like Mac OS X) AppleWebKit/601.1.46 (KHTML, like Gecko) Version/9.0 Mobile/13B143 Safari/601.1"
0:0:0:0:0:0:0:1 - - [22/Jan/2018:11:14:40 +0800] "GET /v1/serve/1 HTTP/1.1" 200 1070 "http://localhost:8088/home" "Mozilla/5.0 (iPhone; CPU iPhone OS 9_1 like Mac OS X) AppleWebKit/601.1.46 (KHTML, like Gecko) Version/9.0 Mobile/13B143 Safari/601.1"
0:0:0:0:0:0:0:1 - - [22/Jan/2018:11:14:44 +0800] "GET /v1/serve HTTP/1.1" 200 1291 "http://localhost:8088/home" "Mozilla/5.0 (iPhone; CPU iPhone OS 9_1 like Mac OS X) AppleWebKit/601.1.46 (KHTML, like Gecko) Version/9.0 Mobile/13B143 Safari/601.1"
0:0:0:0:0:0:0:1 - - [22/Jan/2018:11:14:44 +0800] "GET /v1/serve/1 HTTP/1.1" 200 1070 "http://localhost:8088/home" "Mozilla/5.0 (iPhone; CPU iPhone OS 9_1 like Mac OS X) AppleWebKit/601.1.46 (KHTML, like Gecko) Version/9.0 Mobile/13B143 Safari/601.1"
0:0:0:0:0:0:0:1 - - [22/Jan/2018:11:15:29 +0800] "GET /v1/serve/1 HTTP/1.1" 200 1070 "http://localhost:8088/home" "Mozilla/5.0 (iPhone; CPU iPhone OS 9_1 like Mac OS X) AppleWebKit/601.1.46 (KHTML, like Gecko) Version/9.0 Mobile/13B143 Safari/601.1"
0:0:0:0:0:0:0:1 - - [22/Jan/2018:11:15:32 +0800] "GET /v1/serve/1 HTTP/1.1" 200 1070 "http://localhost:8088/home" "Mozilla/5.0 (iPhone; CPU iPhone OS 9_1 like Mac OS X) AppleWebKit/601.1.46 (KHTML, like Gecko) Version/9.0 Mobile/13B143 Safari/601.1"
0:0:0:0:0:0:0:1 - - [22/Jan/2018:11:15:32 +0800] "GET /v1/serve HTTP/1.1" 200 1291 "http://localhost:8088/home" "Mozilla/5.0 (iPhone; CPU iPhone OS 9_1 like Mac OS X) AppleWebKit/601.1.46 (KHTML, like Gecko) Version/9.0 Mobile/13B143 Safari/601.1"
0:0:0:0:0:0:0:1 - - [22/Jan/2018:11:17:34 +0800] "GET /v1/serve/1 HTTP/1.1" 200 792 "http://localhost:8088/home" "Mozilla/5.0 (iPhone; CPU iPhone OS 9_1 like Mac OS X) AppleWebKit/601.1.46 (KHTML, like Gecko) Version/9.0 Mobile/13B143 Safari/601.1"
0:0:0:0:0:0:0:1 - - [22/Jan/2018:11:17:34 +0800] "GET /v1/serve HTTP/1.1" 200 1291 "http://localhost:8088/home" "Mozilla/5.0 (iPhone; CPU iPhone OS 9_1 like Mac OS X) AppleWebKit/601.1.46 (KHTML, like Gecko) Version/9.0 Mobile/13B143 Safari/601.1"
0:0:0:0:0:0:0:1 - - [22/Jan/2018:11:18:00 +0800] "GET /v1/serve/1 HTTP/1.1" 200 792 "http://localhost:8088/home" "Mozilla/5.0 (iPhone; CPU iPhone OS 9_1 like Mac OS X) AppleWebKit/601.1.46 (KHTML, like Gecko) Version/9.0 Mobile/13B143 Safari/601.1"
0:0:0:0:0:0:0:1 - - [22/Jan/2018:11:18:00 +0800] "GET /v1/serve HTTP/1.1" 200 1291 "http://localhost:8088/home" "Mozilla/5.0 (iPhone; CPU iPhone OS 9_1 like Mac OS X) AppleWebKit/601.1.46 (KHTML, like Gecko) Version/9.0 Mobile/13B143 Safari/601.1"
0:0:0:0:0:0:0:1 - - [22/Jan/2018:11:20:16 +0800] "GET /v1/serve HTTP/1.1" 200 1291 "http://localhost:8088/home" "Mozilla/5.0 (iPhone; CPU iPhone OS 9_1 like Mac OS X) AppleWebKit/601.1.46 (KHTML, like Gecko) Version/9.0 Mobile/13B143 Safari/601.1"
0:0:0:0:0:0:0:1 - - [22/Jan/2018:11:20:16 +0800] "GET /v1/serve/1 HTTP/1.1" 200 1098 "http://localhost:8088/home" "Mozilla/5.0 (iPhone; CPU iPhone OS 9_1 like Mac OS X) AppleWebKit/601.1.46 (KHTML, like Gecko) Version/9.0 Mobile/13B143 Safari/601.1"
0:0:0:0:0:0:0:1 - - [22/Jan/2018:11:20:36 +0800] "GET /v1/serve HTTP/1.1" 200 1291 "http://localhost:8088/home" "Mozilla/5.0 (iPhone; CPU iPhone OS 9_1 like Mac OS X) AppleWebKit/601.1.46 (KHTML, like Gecko) Version/9.0 Mobile/13B143 Safari/601.1"
0:0:0:0:0:0:0:1 - - [22/Jan/2018:11:20:36 +0800] "GET /v1/serve/1 HTTP/1.1" 200 1098 "http://localhost:8088/home" "Mozilla/5.0 (iPhone; CPU iPhone OS 9_1 like Mac OS X) AppleWebKit/601.1.46 (KHTML, like Gecko) Version/9.0 Mobile/13B143 Safari/601.1"
0:0:0:0:0:0:0:1 - - [22/Jan/2018:11:20:50 +0800] "GET /v1/serve/1 HTTP/1.1" 200 1098 "http://localhost:8088/home" "Mozilla/5.0 (iPhone; CPU iPhone OS 9_1 like Mac OS X) AppleWebKit/601.1.46 (KHTML, like Gecko) Version/9.0 Mobile/13B143 Safari/601.1"
0:0:0:0:0:0:0:1 - - [22/Jan/2018:11:21:47 +0800] "GET /v1/serve HTTP/1.1" 200 1291 "http://localhost:8088/home" "Mozilla/5.0 (iPhone; CPU iPhone OS 9_1 like Mac OS X) AppleWebKit/601.1.46 (KHTML, like Gecko) Version/9.0 Mobile/13B143 Safari/601.1"
0:0:0:0:0:0:0:1 - - [22/Jan/2018:11:21:47 +0800] "GET /v1/serve/1 HTTP/1.1" 200 1098 "http://localhost:8088/home" "Mozilla/5.0 (iPhone; CPU iPhone OS 9_1 like Mac OS X) AppleWebKit/601.1.46 (KHTML, like Gecko) Version/9.0 Mobile/13B143 Safari/601.1"
0:0:0:0:0:0:0:1 - - [22/Jan/2018:11:22:22 +0800] "GET /v1/serve/1 HTTP/1.1" 200 1098 "http://localhost:8088/home" "Mozilla/5.0 (iPhone; CPU iPhone OS 9_1 like Mac OS X) AppleWebKit/601.1.46 (KHTML, like Gecko) Version/9.0 Mobile/13B143 Safari/601.1"
0:0:0:0:0:0:0:1 - - [22/Jan/2018:11:22:27 +0800] "GET /v1/serve/1 HTTP/1.1" 200 1098 "http://localhost:8088/home" "Mozilla/5.0 (iPhone; CPU iPhone OS 9_1 like Mac OS X) AppleWebKit/601.1.46 (KHTML, like Gecko) Version/9.0 Mobile/13B143 Safari/601.1"
0:0:0:0:0:0:0:1 - - [22/Jan/2018:11:24:51 +0800] "GET /v1/serve HTTP/1.1" 200 1291 "http://localhost:8088/home" "Mozilla/5.0 (iPhone; CPU iPhone OS 9_1 like Mac OS X) AppleWebKit/601.1.46 (KHTML, like Gecko) Version/9.0 Mobile/13B143 Safari/601.1"
0:0:0:0:0:0:0:1 - - [22/Jan/2018:11:24:51 +0800] "GET /v1/serve/1 HTTP/1.1" 200 1118 "http://localhost:8088/home" "Mozilla/5.0 (iPhone; CPU iPhone OS 9_1 like Mac OS X) AppleWebKit/601.1.46 (KHTML, like Gecko) Version/9.0 Mobile/13B143 Safari/601.1"
0:0:0:0:0:0:0:1 - - [22/Jan/2018:11:25:09 +0800] "GET /v1/serve HTTP/1.1" 200 1291 "http://localhost:8088/home" "Mozilla/5.0 (iPhone; CPU iPhone OS 9_1 like Mac OS X) AppleWebKit/601.1.46 (KHTML, like Gecko) Version/9.0 Mobile/13B143 Safari/601.1"
0:0:0:0:0:0:0:1 - - [22/Jan/2018:11:25:09 +0800] "GET /v1/serve/1 HTTP/1.1" 200 1118 "http://localhost:8088/home" "Mozilla/5.0 (iPhone; CPU iPhone OS 9_1 like Mac OS X) AppleWebKit/601.1.46 (KHTML, like Gecko) Version/9.0 Mobile/13B143 Safari/601.1"
0:0:0:0:0:0:0:1 - - [22/Jan/2018:11:25:11 +0800] "GET /v1/serve HTTP/1.1" 200 1291 "http://localhost:8088/home" "Mozilla/5.0 (iPhone; CPU iPhone OS 9_1 like Mac OS X) AppleWebKit/601.1.46 (KHTML, like Gecko) Version/9.0 Mobile/13B143 Safari/601.1"
0:0:0:0:0:0:0:1 - - [22/Jan/2018:11:25:11 +0800] "GET /v1/serve/1 HTTP/1.1" 200 1118 "http://localhost:8088/home" "Mozilla/5.0 (iPhone; CPU iPhone OS 9_1 like Mac OS X) AppleWebKit/601.1.46 (KHTML, like Gecko) Version/9.0 Mobile/13B143 Safari/601.1"
0:0:0:0:0:0:0:1 - - [22/Jan/2018:11:26:29 +0800] "GET /v1/serve/1 HTTP/1.1" 200 1118 "http://localhost:8088/home" "Mozilla/5.0 (iPhone; CPU iPhone OS 9_1 like Mac OS X) AppleWebKit/601.1.46 (KHTML, like Gecko) Version/9.0 Mobile/13B143 Safari/601.1"
0:0:0:0:0:0:0:1 - - [22/Jan/2018:11:26:29 +0800] "GET /v1/serve HTTP/1.1" 200 1291 "http://localhost:8088/home" "Mozilla/5.0 (iPhone; CPU iPhone OS 9_1 like Mac OS X) AppleWebKit/601.1.46 (KHTML, like Gecko) Version/9.0 Mobile/13B143 Safari/601.1"
0:0:0:0:0:0:0:1 - - [22/Jan/2018:11:26:33 +0800] "GET /v1/serve HTTP/1.1" 200 1291 "http://localhost:8088/home" "Mozilla/5.0 (iPhone; CPU iPhone OS 9_1 like Mac OS X) AppleWebKit/601.1.46 (KHTML, like Gecko) Version/9.0 Mobile/13B143 Safari/601.1"
0:0:0:0:0:0:0:1 - - [22/Jan/2018:11:26:33 +0800] "GET /v1/serve/1 HTTP/1.1" 200 1118 "http://localhost:8088/home" "Mozilla/5.0 (iPhone; CPU iPhone OS 9_1 like Mac OS X) AppleWebKit/601.1.46 (KHTML, like Gecko) Version/9.0 Mobile/13B143 Safari/601.1"
0:0:0:0:0:0:0:1 - - [22/Jan/2018:11:27:54 +0800] "GET /v1/serve/1 HTTP/1.1" 200 1118 "http://localhost:8088/home" "Mozilla/5.0 (iPhone; CPU iPhone OS 9_1 like Mac OS X) AppleWebKit/601.1.46 (KHTML, like Gecko) Version/9.0 Mobile/13B143 Safari/601.1"
0:0:0:0:0:0:0:1 - - [22/Jan/2018:11:27:54 +0800] "GET /v1/serve HTTP/1.1" 200 1291 "http://localhost:8088/home" "Mozilla/5.0 (iPhone; CPU iPhone OS 9_1 like Mac OS X) AppleWebKit/601.1.46 (KHTML, like Gecko) Version/9.0 Mobile/13B143 Safari/601.1"
0:0:0:0:0:0:0:1 - - [22/Jan/2018:11:27:56 +0800] "GET /v1/serve/1 HTTP/1.1" 200 1118 "http://localhost:8088/home" "Mozilla/5.0 (iPhone; CPU iPhone OS 9_1 like Mac OS X) AppleWebKit/601.1.46 (KHTML, like Gecko) Version/9.0 Mobile/13B143 Safari/601.1"
0:0:0:0:0:0:0:1 - - [22/Jan/2018:11:32:40 +0800] "GET /v1/serve HTTP/1.1" 200 1291 "http://localhost:8088/home" "Mozilla/5.0 (iPhone; CPU iPhone OS 9_1 like Mac OS X) AppleWebKit/601.1.46 (KHTML, like Gecko) Version/9.0 Mobile/13B143 Safari/601.1"
0:0:0:0:0:0:0:1 - - [22/Jan/2018:11:33:00 +0800] "GET /v1/serve HTTP/1.1" 200 1291 "http://localhost:8088/home" "Mozilla/5.0 (iPhone; CPU iPhone OS 9_1 like Mac OS X) AppleWebKit/601.1.46 (KHTML, like Gecko) Version/9.0 Mobile/13B143 Safari/601.1"
0:0:0:0:0:0:0:1 - - [22/Jan/2018:11:33:01 +0800] "GET /v1/serve HTTP/1.1" 200 1291 "http://localhost:8088/home" "Mozilla/5.0 (iPhone; CPU iPhone OS 9_1 like Mac OS X) AppleWebKit/601.1.46 (KHTML, like Gecko) Version/9.0 Mobile/13B143 Safari/601.1"
0:0:0:0:0:0:0:1 - - [22/Jan/2018:11:33:02 +0800] "GET /v1/serve/1 HTTP/1.1" 200 1118 "http://localhost:8088/home" "Mozilla/5.0 (iPhone; CPU iPhone OS 9_1 like Mac OS X) AppleWebKit/601.1.46 (KHTML, like Gecko) Version/9.0 Mobile/13B143 Safari/601.1"
0:0:0:0:0:0:0:1 - - [22/Jan/2018:11:35:39 +0800] "GET /v1/serve/1 HTTP/1.1" 200 1118 "http://localhost:8088/home" "Mozilla/5.0 (iPhone; CPU iPhone OS 9_1 like Mac OS X) AppleWebKit/601.1.46 (KHTML, like Gecko) Version/9.0 Mobile/13B143 Safari/601.1"
0:0:0:0:0:0:0:1 - - [22/Jan/2018:11:35:39 +0800] "GET /v1/serve HTTP/1.1" 200 1291 "http://localhost:8088/home" "Mozilla/5.0 (iPhone; CPU iPhone OS 9_1 like Mac OS X) AppleWebKit/601.1.46 (KHTML, like Gecko) Version/9.0 Mobile/13B143 Safari/601.1"
0:0:0:0:0:0:0:1 - - [22/Jan/2018:11:36:13 +0800] "GET /v1/serve HTTP/1.1" 200 1291 "http://localhost:8088/home" "Mozilla/5.0 (iPhone; CPU iPhone OS 9_1 like Mac OS X) AppleWebKit/601.1.46 (KHTML, like Gecko) Version/9.0 Mobile/13B143 Safari/601.1"
0:0:0:0:0:0:0:1 - - [22/Jan/2018:11:36:13 +0800] "GET /v1/serve/1 HTTP/1.1" 200 1118 "http://localhost:8088/home" "Mozilla/5.0 (iPhone; CPU iPhone OS 9_1 like Mac OS X) AppleWebKit/601.1.46 (KHTML, like Gecko) Version/9.0 Mobile/13B143 Safari/601.1"
0:0:0:0:0:0:0:1 - - [22/Jan/2018:11:36:18 +0800] "GET /v1/serve/1 HTTP/1.1" 200 1118 "http://localhost:8088/home" "Mozilla/5.0 (iPhone; CPU iPhone OS 9_1 like Mac OS X) AppleWebKit/601.1.46 (KHTML, like Gecko) Version/9.0 Mobile/13B143 Safari/601.1"
0:0:0:0:0:0:0:1 - - [22/Jan/2018:11:36:28 +0800] "GET /v1/serve/1 HTTP/1.1" 200 1118 "http://localhost:8088/home" "Mozilla/5.0 (iPhone; CPU iPhone OS 9_1 like Mac OS X) AppleWebKit/601.1.46 (KHTML, like Gecko) Version/9.0 Mobile/13B143 Safari/601.1"
0:0:0:0:0:0:0:1 - - [22/Jan/2018:11:36:31 +0800] "GET /v1/serve/1 HTTP/1.1" 200 1118 "http://localhost:8088/home" "Mozilla/5.0 (iPhone; CPU iPhone OS 9_1 like Mac OS X) AppleWebKit/601.1.46 (KHTML, like Gecko) Version/9.0 Mobile/13B143 Safari/601.1"
0:0:0:0:0:0:0:1 - - [22/Jan/2018:11:38:10 +0800] "GET /v1/serve HTTP/1.1" 200 1291 "http://localhost:8088/home" "Mozilla/5.0 (iPhone; CPU iPhone OS 9_1 like Mac OS X) AppleWebKit/601.1.46 (KHTML, like Gecko) Version/9.0 Mobile/13B143 Safari/601.1"
0:0:0:0:0:0:0:1 - - [22/Jan/2018:11:38:37 +0800] "GET /v1/serve?id= HTTP/1.1" 200 1291 "http://localhost:8088/home" "Mozilla/5.0 (iPhone; CPU iPhone OS 9_1 like Mac OS X) AppleWebKit/601.1.46 (KHTML, like Gecko) Version/9.0 Mobile/13B143 Safari/601.1"
0:0:0:0:0:0:0:1 - - [22/Jan/2018:11:40:17 +0800] "GET /v1/serve/%60this.$route.params.id%60 HTTP/1.1" 400 - "http://localhost:8088/home" "Mozilla/5.0 (iPhone; CPU iPhone OS 9_1 like Mac OS X) AppleWebKit/601.1.46 (KHTML, like Gecko) Version/9.0 Mobile/13B143 Safari/601.1"
0:0:0:0:0:0:0:1 - - [22/Jan/2018:11:40:23 +0800] "GET /v1/serve HTTP/1.1" 200 1291 "http://localhost:8088/home" "Mozilla/5.0 (iPhone; CPU iPhone OS 9_1 like Mac OS X) AppleWebKit/601.1.46 (KHTML, like Gecko) Version/9.0 Mobile/13B143 Safari/601.1"
0:0:0:0:0:0:0:1 - - [22/Jan/2018:11:40:24 +0800] "GET /v1/serve/%60this.$route.params.id%60 HTTP/1.1" 400 - "http://localhost:8088/home" "Mozilla/5.0 (iPhone; CPU iPhone OS 9_1 like Mac OS X) AppleWebKit/601.1.46 (KHTML, like Gecko) Version/9.0 Mobile/13B143 Safari/601.1"
0:0:0:0:0:0:0:1 - - [22/Jan/2018:11:45:22 +0800] "GET /v1/serve?id=this.$route.params.id HTTP/1.1" 200 1291 "http://localhost:8088/home" "Mozilla/5.0 (iPhone; CPU iPhone OS 9_1 like Mac OS X) AppleWebKit/601.1.46 (KHTML, like Gecko) Version/9.0 Mobile/13B143 Safari/601.1"
0:0:0:0:0:0:0:1 - - [22/Jan/2018:11:45:25 +0800] "GET /v1/serve HTTP/1.1" 200 1291 "http://localhost:8088/home" "Mozilla/5.0 (iPhone; CPU iPhone OS 9_1 like Mac OS X) AppleWebKit/601.1.46 (KHTML, like Gecko) Version/9.0 Mobile/13B143 Safari/601.1"
0:0:0:0:0:0:0:1 - - [22/Jan/2018:11:45:25 +0800] "GET /v1/serve?id=this.$route.params.id HTTP/1.1" 200 1291 "http://localhost:8088/home" "Mozilla/5.0 (iPhone; CPU iPhone OS 9_1 like Mac OS X) AppleWebKit/601.1.46 (KHTML, like Gecko) Version/9.0 Mobile/13B143 Safari/601.1"
0:0:0:0:0:0:0:1 - - [22/Jan/2018:11:45:52 +0800] "GET /v1/serve?id=this.$route.params.id HTTP/1.1" 200 1291 "http://localhost:8088/home" "Mozilla/5.0 (iPhone; CPU iPhone OS 9_1 like Mac OS X) AppleWebKit/601.1.46 (KHTML, like Gecko) Version/9.0 Mobile/13B143 Safari/601.1"
0:0:0:0:0:0:0:1 - - [22/Jan/2018:11:46:10 +0800] "GET /v1/serve HTTP/1.1" 200 1291 "http://localhost:8088/home" "Mozilla/5.0 (iPhone; CPU iPhone OS 9_1 like Mac OS X) AppleWebKit/601.1.46 (KHTML, like Gecko) Version/9.0 Mobile/13B143 Safari/601.1"
0:0:0:0:0:0:0:1 - - [22/Jan/2018:11:47:33 +0800] "GET /v1/serve2 HTTP/1.1" 404 115 "http://localhost:8088/home" "Mozilla/5.0 (iPhone; CPU iPhone OS 9_1 like Mac OS X) AppleWebKit/601.1.46 (KHTML, like Gecko) Version/9.0 Mobile/13B143 Safari/601.1"
0:0:0:0:0:0:0:1 - - [22/Jan/2018:11:47:37 +0800] "GET /v1/serve2 HTTP/1.1" 404 115 "http://localhost:8088/home" "Mozilla/5.0 (iPhone; CPU iPhone OS 9_1 like Mac OS X) AppleWebKit/601.1.46 (KHTML, like Gecko) Version/9.0 Mobile/13B143 Safari/601.1"
0:0:0:0:0:0:0:1 - - [22/Jan/2018:11:47:37 +0800] "GET /v1/serve HTTP/1.1" 200 1291 "http://localhost:8088/home" "Mozilla/5.0 (iPhone; CPU iPhone OS 9_1 like Mac OS X) AppleWebKit/601.1.46 (KHTML, like Gecko) Version/9.0 Mobile/13B143 Safari/601.1"
0:0:0:0:0:0:0:1 - - [22/Jan/2018:11:47:45 +0800] "GET /v1/serve/2 HTTP/1.1" 200 511 "http://localhost:8088/home" "Mozilla/5.0 (iPhone; CPU iPhone OS 9_1 like Mac OS X) AppleWebKit/601.1.46 (KHTML, like Gecko) Version/9.0 Mobile/13B143 Safari/601.1"
0:0:0:0:0:0:0:1 - - [22/Jan/2018:11:47:48 +0800] "GET /v1/serve HTTP/1.1" 200 1291 "http://localhost:8088/home" "Mozilla/5.0 (iPhone; CPU iPhone OS 9_1 like Mac OS X) AppleWebKit/601.1.46 (KHTML, like Gecko) Version/9.0 Mobile/13B143 Safari/601.1"
0:0:0:0:0:0:0:1 - - [22/Jan/2018:11:47:48 +0800] "GET /v1/serve/2 HTTP/1.1" 200 511 "http://localhost:8088/home" "Mozilla/5.0 (iPhone; CPU iPhone OS 9_1 like Mac OS X) AppleWebKit/601.1.46 (KHTML, like Gecko) Version/9.0 Mobile/13B143 Safari/601.1"
0:0:0:0:0:0:0:1 - - [22/Jan/2018:11:47:55 +0800] "GET /v1/serve/3 HTTP/1.1" 200 294 "http://localhost:8088/home" "Mozilla/5.0 (iPhone; CPU iPhone OS 9_1 like Mac OS X) AppleWebKit/601.1.46 (KHTML, like Gecko) Version/9.0 Mobile/13B143 Safari/601.1"
0:0:0:0:0:0:0:1 - - [22/Jan/2018:11:47:59 +0800] "GET /v1/serve/4 HTTP/1.1" 200 518 "http://localhost:8088/home" "Mozilla/5.0 (iPhone; CPU iPhone OS 9_1 like Mac OS X) AppleWebKit/601.1.46 (KHTML, like Gecko) Version/9.0 Mobile/13B143 Safari/601.1"
0:0:0:0:0:0:0:1 - - [22/Jan/2018:11:48:51 +0800] "GET /v1/serve HTTP/1.1" 200 1292 "http://localhost:8088/home" "Mozilla/5.0 (iPhone; CPU iPhone OS 9_1 like Mac OS X) AppleWebKit/601.1.46 (KHTML, like Gecko) Version/9.0 Mobile/13B143 Safari/601.1"
0:0:0:0:0:0:0:1 - - [22/Jan/2018:11:49:22 +0800] "GET /v1/serve HTTP/1.1" 200 1292 "http://localhost:8088/home" "Mozilla/5.0 (iPhone; CPU iPhone OS 9_1 like Mac OS X) AppleWebKit/601.1.46 (KHTML, like Gecko) Version/9.0 Mobile/13B143 Safari/601.1"
0:0:0:0:0:0:0:1 - - [22/Jan/2018:11:49:25 +0800] "GET /v1/serve/1 HTTP/1.1" 200 1119 "http://localhost:8088/home" "Mozilla/5.0 (iPhone; CPU iPhone OS 9_1 like Mac OS X) AppleWebKit/601.1.46 (KHTML, like Gecko) Version/9.0 Mobile/13B143 Safari/601.1"
0:0:0:0:0:0:0:1 - - [22/Jan/2018:11:49:28 +0800] "GET /v1/serve/2 HTTP/1.1" 200 511 "http://localhost:8088/home" "Mozilla/5.0 (iPhone; CPU iPhone OS 9_1 like Mac OS X) AppleWebKit/601.1.46 (KHTML, like Gecko) Version/9.0 Mobile/13B143 Safari/601.1"
0:0:0:0:0:0:0:1 - - [22/Jan/2018:11:49:30 +0800] "GET /v1/serve/3 HTTP/1.1" 200 296 "http://localhost:8088/home" "Mozilla/5.0 (iPhone; CPU iPhone OS 9_1 like Mac OS X) AppleWebKit/601.1.46 (KHTML, like Gecko) Version/9.0 Mobile/13B143 Safari/601.1"
0:0:0:0:0:0:0:1 - - [22/Jan/2018:11:49:33 +0800] "GET /v1/serve/4 HTTP/1.1" 200 518 "http://localhost:8088/home" "Mozilla/5.0 (iPhone; CPU iPhone OS 9_1 like Mac OS X) AppleWebKit/601.1.46 (KHTML, like Gecko) Version/9.0 Mobile/13B143 Safari/601.1"
0:0:0:0:0:0:0:1 - - [22/Jan/2018:11:49:49 +0800] "GET /v1/serve/2 HTTP/1.1" 200 511 "http://localhost:8088/home" "Mozilla/5.0 (iPhone; CPU iPhone OS 9_1 like Mac OS X) AppleWebKit/601.1.46 (KHTML, like Gecko) Version/9.0 Mobile/13B143 Safari/601.1"
0:0:0:0:0:0:0:1 - - [22/Jan/2018:11:50:08 +0800] "GET /v1/center?province=%E5%8C%97%E4%BA%AC%E5%B8%82&city=%E5%8C%97%E4%BA%AC%E5%B8%82&id=0 HTTP/1.1" 200 1441 "-" "Mozilla/5.0 (Windows NT 6.1; WOW64) AppleWebKit/537.36 (KHTML, like Gecko) Chrome/58.0.3029.110 Safari/537.36"
0:0:0:0:0:0:0:1 - - [22/Jan/2018:15:33:11 +0800] "GET /v1/serve HTTP/1.1" 200 1292 "http://localhost:8088/home" "Mozilla/5.0 (iPhone; CPU iPhone OS 9_1 like Mac OS X) AppleWebKit/601.1.46 (KHTML, like Gecko) Version/9.0 Mobile/13B143 Safari/601.1"
0:0:0:0:0:0:0:1 - - [22/Jan/2018:15:33:11 +0800] "GET /v1/serve/1 HTTP/1.1" 200 1119 "http://localhost:8088/home" "Mozilla/5.0 (iPhone; CPU iPhone OS 9_1 like Mac OS X) AppleWebKit/601.1.46 (KHTML, like Gecko) Version/9.0 Mobile/13B143 Safari/601.1"
0:0:0:0:0:0:0:1 - - [22/Jan/2018:15:34:15 +0800] "GET /v1/serve/2 HTTP/1.1" 200 511 "http://localhost:8088/home" "Mozilla/5.0 (iPhone; CPU iPhone OS 9_1 like Mac OS X) AppleWebKit/601.1.46 (KHTML, like Gecko) Version/9.0 Mobile/13B143 Safari/601.1"
0:0:0:0:0:0:0:1 - - [22/Jan/2018:15:34:19 +0800] "GET /v1/serve/3 HTTP/1.1" 200 296 "http://localhost:8088/home" "Mozilla/5.0 (iPhone; CPU iPhone OS 9_1 like Mac OS X) AppleWebKit/601.1.46 (KHTML, like Gecko) Version/9.0 Mobile/13B143 Safari/601.1"
0:0:0:0:0:0:0:1 - - [22/Jan/2018:15:34:22 +0800] "GET /v1/serve/4 HTTP/1.1" 200 518 "http://localhost:8088/home" "Mozilla/5.0 (iPhone; CPU iPhone OS 9_1 like Mac OS X) AppleWebKit/601.1.46 (KHTML, like Gecko) Version/9.0 Mobile/13B143 Safari/601.1"
0:0:0:0:0:0:0:1 - - [22/Jan/2018:15:40:30 +0800] "GET /v1/center?province=%E5%8C%97%E4%BA%AC%E5%B8%82&city=%E5%8C%97%E4%BA%AC%E5%B8%82&id=0 HTTP/1.1" 200 1889 "-" "Mozilla/5.0 (Windows NT 6.1; WOW64) AppleWebKit/537.36 (KHTML, like Gecko) Chrome/58.0.3029.110 Safari/537.36"
0:0:0:0:0:0:0:1 - - [22/Jan/2018:15:45:20 +0800] "GET /v1/center?province=%E5%8C%97%E4%BA%AC%E5%B8%82&city=%E5%8C%97%E4%BA%AC%E5%B8%82&id=1 HTTP/1.1" 200 1549 "-" "Mozilla/5.0 (Windows NT 6.1; WOW64) AppleWebKit/537.36 (KHTML, like Gecko) Chrome/58.0.3029.110 Safari/537.36"
0:0:0:0:0:0:0:1 - - [22/Jan/2018:15:45:24 +0800] "GET /v1/center?province=%E5%8C%97%E4%BA%AC%E5%B8%82&city=%E5%8C%97%E4%BA%AC%E5%B8%82&id=1 HTTP/1.1" 200 1549 "-" "Mozilla/5.0 (Windows NT 6.1; WOW64) AppleWebKit/537.36 (KHTML, like Gecko) Chrome/58.0.3029.110 Safari/537.36"
0:0:0:0:0:0:0:1 - - [22/Jan/2018:15:45:29 +0800] "GET /v1/center?province=%E5%8C%97%E4%BA%AC%E5%B8%82&city=%E5%8C%97%E4%BA%AC%E5%B8%82&id=0 HTTP/1.1" 200 1889 "-" "Mozilla/5.0 (Windows NT 6.1; WOW64) AppleWebKit/537.36 (KHTML, like Gecko) Chrome/58.0.3029.110 Safari/537.36"
0:0:0:0:0:0:0:1 - - [22/Jan/2018:15:47:41 +0800] "GET /v1/center?province=%E5%8C%97%E4%BA%AC%E5%B8%82&city=%E5%8C%97%E4%BA%AC%E5%B8%82&id=0 HTTP/1.1" 200 1889 "http://localhost:8088/home" "Mozilla/5.0 (iPhone; CPU iPhone OS 9_1 like Mac OS X) AppleWebKit/601.1.46 (KHTML, like Gecko) Version/9.0 Mobile/13B143 Safari/601.1"
0:0:0:0:0:0:0:1 - - [22/Jan/2018:15:47:46 +0800] "GET /v1/center?province=%E5%8C%97%E4%BA%AC%E5%B8%82&city=%E5%8C%97%E4%BA%AC%E5%B8%82&id=0 HTTP/1.1" 200 1889 "http://localhost:8088/home" "Mozilla/5.0 (iPhone; CPU iPhone OS 9_1 like Mac OS X) AppleWebKit/601.1.46 (KHTML, like Gecko) Version/9.0 Mobile/13B143 Safari/601.1"
0:0:0:0:0:0:0:1 - - [22/Jan/2018:15:49:06 +0800] "GET /v1/center?province=%E5%8C%97%E4%BA%AC%E5%B8%82&city=%E5%8C%97%E4%BA%AC%E5%B8%82&id=0 HTTP/1.1" 200 1889 "http://localhost:8088/home" "Mozilla/5.0 (iPhone; CPU iPhone OS 9_1 like Mac OS X) AppleWebKit/601.1.46 (KHTML, like Gecko) Version/9.0 Mobile/13B143 Safari/601.1"
0:0:0:0:0:0:0:1 - - [22/Jan/2018:15:54:25 +0800] "GET /v1/center?province=%E5%8C%97%E4%BA%AC%E5%B8%82&city=%E5%8C%97%E4%BA%AC%E5%B8%82&id=0 HTTP/1.1" 200 607 "-" "Mozilla/5.0 (Windows NT 6.1; WOW64) AppleWebKit/537.36 (KHTML, like Gecko) Chrome/58.0.3029.110 Safari/537.36"
0:0:0:0:0:0:0:1 - - [22/Jan/2018:15:58:28 +0800] "GET /v1/center?province=%E5%8C%97%E4%BA%AC%E5%B8%82&city=%E5%8C%97%E4%BA%AC%E5%B8%82&id=0 HTTP/1.1" 200 621 "http://localhost:8088/home" "Mozilla/5.0 (iPhone; CPU iPhone OS 9_1 like Mac OS X) AppleWebKit/601.1.46 (KHTML, like Gecko) Version/9.0 Mobile/13B143 Safari/601.1"
0:0:0:0:0:0:0:1 - - [22/Jan/2018:16:02:54 +0800] "GET /v1/center?province=%E5%8C%97%E4%BA%AC%E5%B8%82&city=%E5%8C%97%E4%BA%AC%E5%B8%82&id=0 HTTP/1.1" 200 735 "http://localhost:8088/home" "Mozilla/5.0 (iPhone; CPU iPhone OS 9_1 like Mac OS X) AppleWebKit/601.1.46 (KHTML, like Gecko) Version/9.0 Mobile/13B143 Safari/601.1"
0:0:0:0:0:0:0:1 - - [22/Jan/2018:16:03:19 +0800] "GET /v1/center?province=%E5%8C%97%E4%BA%AC%E5%B8%82&city=%E5%8C%97%E4%BA%AC%E5%B8%82&id=0 HTTP/1.1" 200 798 "http://localhost:8088/home" "Mozilla/5.0 (iPhone; CPU iPhone OS 9_1 like Mac OS X) AppleWebKit/601.1.46 (KHTML, like Gecko) Version/9.0 Mobile/13B143 Safari/601.1"
0:0:0:0:0:0:0:1 - - [22/Jan/2018:16:06:47 +0800] "GET /v1/center?province=%E5%8C%97%E4%BA%AC%E5%B8%82&city=%E5%8C%97%E4%BA%AC%E5%B8%82&id=0 HTTP/1.1" 200 811 "http://localhost:8088/home" "Mozilla/5.0 (iPhone; CPU iPhone OS 9_1 like Mac OS X) AppleWebKit/601.1.46 (KHTML, like Gecko) Version/9.0 Mobile/13B143 Safari/601.1"
0:0:0:0:0:0:0:1 - - [22/Jan/2018:16:07:40 +0800] "GET /v1/center?province=%E5%8C%97%E4%BA%AC%E5%B8%82&city=%E5%8C%97%E4%BA%AC%E5%B8%82&id=0 HTTP/1.1" 200 811 "http://localhost:8088/home" "Mozilla/5.0 (iPhone; CPU iPhone OS 9_1 like Mac OS X) AppleWebKit/601.1.46 (KHTML, like Gecko) Version/9.0 Mobile/13B143 Safari/601.1"
0:0:0:0:0:0:0:1 - - [22/Jan/2018:16:09:55 +0800] "GET /v1/center?province=%E5%8C%97%E4%BA%AC%E5%B8%82&city=%E5%8C%97%E4%BA%AC%E5%B8%82&id=0 HTTP/1.1" 200 829 "-" "Mozilla/5.0 (Windows NT 6.1; WOW64) AppleWebKit/537.36 (KHTML, like Gecko) Chrome/58.0.3029.110 Safari/537.36"
